I, [2009-08-18T20:35:24.672548 #1026]  INFO -- : client force_sync true and force_reload false
I, [2009-08-18T20:35:24.672739 #1026]  INFO -- : client force_sync true and force_reload false
I, [2009-08-18T20:35:24.741963 #1026]  INFO -- : Requesting project_id nil
I, [2009-08-18T20:35:30.149634 #1026]  INFO -- : Syncing vendor modified at Tue Aug 18 20:35:26 +0200 2009
I, [2009-08-18T20:35:30.153533 #1026]  INFO -- : Syncing vendor/tools modified at Tue Aug 18 20:35:26 +0200 2009
I, [2009-08-18T20:35:30.156867 #1026]  INFO -- : Syncing vendor/tools/yui modified at Tue Aug 18 20:35:26 +0200 2009
I, [2009-08-18T20:35:30.160344 #1026]  INFO -- : Syncing vendor/tools/yui/yuicompressor-2.4.2.jar modified at Tue Aug 18 20:35:26 +0200 2009
I, [2009-08-18T20:35:40.057692 #1026]  INFO -- : Syncing vendor/tools/yui/YUI-LICENSE modified at Tue Aug 18 20:35:26 +0200 2009
I, [2009-08-18T20:35:40.078064 #1026]  INFO -- : Syncing vendor/plugins modified at Tue Aug 18 20:35:26 +0200 2009
I, [2009-08-18T20:35:40.081634 #1026]  INFO -- : Syncing vendor/plugins/validation_reflection modified at Tue Aug 18 20:35:26 +0200 2009
I, [2009-08-18T20:35:40.085371 #1026]  INFO -- : Syncing vendor/plugins/validation_reflection/test modified at Tue Aug 18 20:35:26 +0200 2009
I, [2009-08-18T20:35:40.088974 #1026]  INFO -- : Syncing vendor/plugins/validation_reflection/test/validation_reflection_test.rb modified at Tue Aug 18 20:35:26 +0200 2009
I, [2009-08-18T20:35:40.112530 #1026]  INFO -- : Syncing vendor/plugins/validation_reflection/test/test_helper.rb modified at Tue Aug 18 20:35:27 +0200 2009
I, [2009-08-18T20:35:40.120501 #1026]  INFO -- : Syncing vendor/plugins/validation_reflection/README modified at Tue Aug 18 20:35:27 +0200 2009
I, [2009-08-18T20:35:40.124680 #1026]  INFO -- : Syncing vendor/plugins/validation_reflection/Rakefile modified at Tue Aug 18 20:35:27 +0200 2009
I, [2009-08-18T20:35:40.128938 #1026]  INFO -- : Syncing vendor/plugins/validation_reflection/LICENSE modified at Tue Aug 18 20:35:27 +0200 2009
I, [2009-08-18T20:35:40.133078 #1026]  INFO -- : Syncing vendor/plugins/validation_reflection/lib modified at Tue Aug 18 20:35:27 +0200 2009
I, [2009-08-18T20:35:40.136487 #1026]  INFO -- : Syncing vendor/plugins/validation_reflection/lib/boiler_plate modified at Tue Aug 18 20:35:27 +0200 2009
I, [2009-08-18T20:35:40.140039 #1026]  INFO -- : Syncing vendor/plugins/validation_reflection/lib/boiler_plate/validation_reflection.rb modified at Tue Aug 18 20:35:27 +0200 2009
I, [2009-08-18T20:35:40.144601 #1026]  INFO -- : Syncing vendor/plugins/validation_reflection/init.rb modified at Tue Aug 18 20:35:27 +0200 2009
I, [2009-08-18T20:35:40.149918 #1026]  INFO -- : Syncing vendor/plugins/validation_reflection/CHANGELOG modified at Tue Aug 18 20:35:27 +0200 2009
I, [2009-08-18T20:35:40.158212 #1026]  INFO -- : Syncing vendor/plugins/validation_reflection/about.yml modified at Tue Aug 18 20:35:27 +0200 2009
I, [2009-08-18T20:35:40.162509 #1026]  INFO -- : Syncing vendor/plugins/sprockets-rails modified at Tue Aug 18 20:35:27 +0200 2009
I, [2009-08-18T20:35:40.166190 #1026]  INFO -- : Syncing vendor/plugins/sprockets-rails/test modified at Tue Aug 18 20:35:27 +0200 2009
I, [2009-08-18T20:35:40.170011 #1026]  INFO -- : Syncing vendor/plugins/sprockets-rails/test/sprockets_test.rb modified at Tue Aug 18 20:35:27 +0200 2009
I, [2009-08-18T20:35:40.184045 #1026]  INFO -- : Syncing vendor/plugins/sprockets-rails/tasks modified at Tue Aug 18 20:35:27 +0200 2009
I, [2009-08-18T20:35:40.187770 #1026]  INFO -- : Syncing vendor/plugins/sprockets-rails/tasks/sprockets_tasks.rake modified at Tue Aug 18 20:35:27 +0200 2009
I, [2009-08-18T20:35:40.199775 #1026]  INFO -- : Syncing vendor/plugins/sprockets-rails/README.markdown modified at Tue Aug 18 20:35:27 +0200 2009
I, [2009-08-18T20:35:40.204915 #1026]  INFO -- : Syncing vendor/plugins/sprockets-rails/Rakefile modified at Tue Aug 18 20:35:27 +0200 2009
I, [2009-08-18T20:35:40.209185 #1026]  INFO -- : Syncing vendor/plugins/sprockets-rails/MIT-LICENSE modified at Tue Aug 18 20:35:27 +0200 2009
I, [2009-08-18T20:35:40.213384 #1026]  INFO -- : Syncing vendor/plugins/sprockets-rails/lib modified at Tue Aug 18 20:35:27 +0200 2009
I, [2009-08-18T20:35:40.216862 #1026]  INFO -- : Syncing vendor/plugins/sprockets-rails/lib/sprockets_helper.rb modified at Tue Aug 18 20:35:27 +0200 2009
I, [2009-08-18T20:35:40.221188 #1026]  INFO -- : Syncing vendor/plugins/sprockets-rails/lib/sprockets_controller.rb modified at Tue Aug 18 20:35:27 +0200 2009
I, [2009-08-18T20:35:40.225554 #1026]  INFO -- : Syncing vendor/plugins/sprockets-rails/lib/sprockets_application.rb modified at Tue Aug 18 20:35:27 +0200 2009
I, [2009-08-18T20:35:40.229526 #1026]  INFO -- : Syncing vendor/plugins/sprockets-rails/install.rb modified at Tue Aug 18 20:35:27 +0200 2009
I, [2009-08-18T20:35:40.241115 #1026]  INFO -- : Syncing vendor/plugins/sprockets-rails/init.rb modified at Tue Aug 18 20:35:27 +0200 2009
I, [2009-08-18T20:35:40.245562 #1026]  INFO -- : Syncing vendor/plugins/sprockets-rails/config modified at Tue Aug 18 20:35:27 +0200 2009
I, [2009-08-18T20:35:40.249118 #1026]  INFO -- : Syncing vendor/plugins/sprockets-rails/config/sprockets.yml modified at Tue Aug 18 20:35:27 +0200 2009
I, [2009-08-18T20:35:40.253374 #1026]  INFO -- : Syncing vendor/plugins/sprockets-rails/.gitignore modified at Tue Aug 18 20:35:27 +0200 2009
I, [2009-08-18T20:35:40.262113 #1026]  INFO -- : Syncing vendor/plugins/slicehost modified at Tue Aug 18 20:35:27 +0200 2009
I, [2009-08-18T20:35:40.266025 #1026]  INFO -- : Syncing vendor/plugins/slicehost/VERSION.yml modified at Tue Aug 18 20:35:27 +0200 2009
I, [2009-08-18T20:35:40.283522 #1026]  INFO -- : Syncing vendor/plugins/slicehost/slicehost.gemspec modified at Tue Aug 18 20:35:27 +0200 2009
I, [2009-08-18T20:35:40.288097 #1026]  INFO -- : Syncing vendor/plugins/slicehost/README modified at Tue Aug 18 20:35:27 +0200 2009
I, [2009-08-18T20:35:40.294589 #1026]  INFO -- : Syncing vendor/plugins/slicehost/Rakefile modified at Tue Aug 18 20:35:27 +0200 2009
I, [2009-08-18T20:35:40.298840 #1026]  INFO -- : Syncing vendor/plugins/slicehost/MIT-LICENSE modified at Tue Aug 18 20:35:27 +0200 2009
I, [2009-08-18T20:35:40.337387 #1026]  INFO -- : Syncing vendor/plugins/slicehost/lib modified at Tue Aug 18 20:35:27 +0200 2009
I, [2009-08-18T20:35:40.343152 #1026]  INFO -- : Syncing vendor/plugins/slicehost/lib/capistrano modified at Tue Aug 18 20:35:27 +0200 2009
I, [2009-08-18T20:35:40.347088 #1026]  INFO -- : Syncing vendor/plugins/slicehost/lib/capistrano/ext modified at Tue Aug 18 20:35:27 +0200 2009
I, [2009-08-18T20:35:40.350806 #1026]  INFO -- : Syncing vendor/plugins/slicehost/lib/capistrano/ext/slicehost.rb modified at Tue Aug 18 20:35:27 +0200 2009
I, [2009-08-18T20:35:40.355144 #1026]  INFO -- : Syncing vendor/plugins/slicehost/lib/capistrano/ext/slicehost modified at Tue Aug 18 20:35:27 +0200 2009
I, [2009-08-18T20:35:40.358719 #1026]  INFO -- : Syncing vendor/plugins/slicehost/lib/capistrano/ext/slicehost/zsh.rb modified at Tue Aug 18 20:35:27 +0200 2009
I, [2009-08-18T20:35:40.377826 #1026]  INFO -- : Syncing vendor/plugins/slicehost/lib/capistrano/ext/slicehost/vim.rb modified at Tue Aug 18 20:35:27 +0200 2009
I, [2009-08-18T20:35:40.396482 #1026]  INFO -- : Syncing vendor/plugins/slicehost/lib/capistrano/ext/slicehost/utils.rb modified at Tue Aug 18 20:35:27 +0200 2009
I, [2009-08-18T20:35:40.410844 #1026]  INFO -- : Syncing vendor/plugins/slicehost/lib/capistrano/ext/slicehost/templates modified at Tue Aug 18 20:35:27 +0200 2009
I, [2009-08-18T20:35:40.414419 #1026]  INFO -- : Syncing vendor/plugins/slicehost/lib/capistrano/ext/slicehost/templates/zshrc.erb modified at Tue Aug 18 20:35:27 +0200 2009
I, [2009-08-18T20:35:40.425317 #1026]  INFO -- : Syncing vendor/plugins/slicehost/lib/capistrano/ext/slicehost/templates/vimrc.erb modified at Tue Aug 18 20:35:27 +0200 2009
I, [2009-08-18T20:35:40.432198 #1026]  INFO -- : Syncing vendor/plugins/slicehost/lib/capistrano/ext/slicehost/templates/vhost.erb modified at Tue Aug 18 20:35:27 +0200 2009
I, [2009-08-18T20:35:40.437160 #1026]  INFO -- : Syncing vendor/plugins/slicehost/lib/capistrano/ext/slicehost/templates/sshd_config.erb modified at Tue Aug 18 20:35:27 +0200 2009
I, [2009-08-18T20:35:40.441674 #1026]  INFO -- : Syncing vendor/plugins/slicehost/lib/capistrano/ext/slicehost/templates/passenger.load.erb modified at Tue Aug 18 20:35:27 +0200 2009
I, [2009-08-18T20:35:40.446301 #1026]  INFO -- : Syncing vendor/plugins/slicehost/lib/capistrano/ext/slicehost/templates/passenger.conf.erb modified at Tue Aug 18 20:35:27 +0200 2009
I, [2009-08-18T20:35:40.450595 #1026]  INFO -- : Syncing vendor/plugins/slicehost/lib/capistrano/ext/slicehost/templates/nginx.logrotate.erb modified at Tue Aug 18 20:35:27 +0200 2009
I, [2009-08-18T20:35:40.470338 #1026]  INFO -- : Syncing vendor/plugins/slicehost/lib/capistrano/ext/slicehost/templates/nginx.init.erb modified at Tue Aug 18 20:35:27 +0200 2009
I, [2009-08-18T20:35:40.476407 #1026]  INFO -- : Syncing vendor/plugins/slicehost/lib/capistrano/ext/slicehost/templates/nginx.init.alt.erb modified at Tue Aug 18 20:35:27 +0200 2009
I, [2009-08-18T20:35:40.496087 #1026]  INFO -- : Syncing vendor/plugins/slicehost/lib/capistrano/ext/slicehost/templates/nginx.host.erb modified at Tue Aug 18 20:35:27 +0200 2009
I, [2009-08-18T20:35:40.516264 #1026]  INFO -- : Syncing vendor/plugins/slicehost/lib/capistrano/ext/slicehost/templates/nginx.conf.erb modified at Tue Aug 18 20:35:27 +0200 2009
I, [2009-08-18T20:35:40.520626 #1026]  INFO -- : Syncing vendor/plugins/slicehost/lib/capistrano/ext/slicehost/templates/memcached.conf.erb modified at Tue Aug 18 20:35:27 +0200 2009
I, [2009-08-18T20:35:40.533086 #1026]  INFO -- : Syncing vendor/plugins/slicehost/lib/capistrano/ext/slicehost/templates/iptables.erb modified at Tue Aug 18 20:35:27 +0200 2009
I, [2009-08-18T20:35:40.537743 #1026]  INFO -- : Syncing vendor/plugins/slicehost/lib/capistrano/ext/slicehost/templates/gemrc.erb modified at Tue Aug 18 20:35:27 +0200 2009
I, [2009-08-18T20:35:40.555869 #1026]  INFO -- : Syncing vendor/plugins/slicehost/lib/capistrano/ext/slicehost/ssh.rb modified at Tue Aug 18 20:35:27 +0200 2009
I, [2009-08-18T20:35:40.561423 #1026]  INFO -- : Syncing vendor/plugins/slicehost/lib/capistrano/ext/slicehost/sqlite.rb modified at Tue Aug 18 20:35:27 +0200 2009
I, [2009-08-18T20:35:40.581507 #1026]  INFO -- : Syncing vendor/plugins/slicehost/lib/capistrano/ext/slicehost/slice.rb modified at Tue Aug 18 20:35:27 +0200 2009
I, [2009-08-18T20:35:40.599398 #1026]  INFO -- : Syncing vendor/plugins/slicehost/lib/capistrano/ext/slicehost/ruby.rb modified at Tue Aug 18 20:35:27 +0200 2009
I, [2009-08-18T20:35:40.618994 #1026]  INFO -- : Syncing vendor/plugins/slicehost/lib/capistrano/ext/slicehost/render.rb modified at Tue Aug 18 20:35:27 +0200 2009
I, [2009-08-18T20:35:40.624123 #1026]  INFO -- : Syncing vendor/plugins/slicehost/lib/capistrano/ext/slicehost/postgresql.rb modified at Tue Aug 18 20:35:27 +0200 2009
I, [2009-08-18T20:35:40.628572 #1026]  INFO -- : Syncing vendor/plugins/slicehost/lib/capistrano/ext/slicehost/passenger.rb modified at Tue Aug 18 20:35:27 +0200 2009
I, [2009-08-18T20:35:40.640900 #1026]  INFO -- : Syncing vendor/plugins/slicehost/lib/capistrano/ext/slicehost/nginx.rb modified at Tue Aug 18 20:35:27 +0200 2009
I, [2009-08-18T20:35:40.657245 #1026]  INFO -- : Syncing vendor/plugins/slicehost/lib/capistrano/ext/slicehost/mysql.rb modified at Tue Aug 18 20:35:27 +0200 2009
I, [2009-08-18T20:35:40.661698 #1026]  INFO -- : Syncing vendor/plugins/slicehost/lib/capistrano/ext/slicehost/memcached.rb modified at Tue Aug 18 20:35:27 +0200 2009
I, [2009-08-18T20:35:40.675466 #1026]  INFO -- : Syncing vendor/plugins/slicehost/lib/capistrano/ext/slicehost/iptables.rb modified at Tue Aug 18 20:35:27 +0200 2009
I, [2009-08-18T20:35:40.685628 #1026]  INFO -- : Syncing vendor/plugins/slicehost/lib/capistrano/ext/slicehost/git.rb modified at Tue Aug 18 20:35:27 +0200 2009
I, [2009-08-18T20:35:40.690388 #1026]  INFO -- : Syncing vendor/plugins/slicehost/lib/capistrano/ext/slicehost/gems.rb modified at Tue Aug 18 20:35:27 +0200 2009
I, [2009-08-18T20:35:40.745121 #1026]  INFO -- : Syncing vendor/plugins/slicehost/lib/capistrano/ext/slicehost/disk.rb modified at Tue Aug 18 20:35:27 +0200 2009
I, [2009-08-18T20:35:40.750275 #1026]  INFO -- : Syncing vendor/plugins/slicehost/lib/capistrano/ext/slicehost/aptitude.rb modified at Tue Aug 18 20:35:27 +0200 2009
I, [2009-08-18T20:35:40.755920 #1026]  INFO -- : Syncing vendor/plugins/slicehost/lib/capistrano/ext/slicehost/apache.rb modified at Tue Aug 18 20:35:27 +0200 2009
I, [2009-08-18T20:35:40.760503 #1026]  INFO -- : Syncing vendor/plugins/sitemap_generator-plugin modified at Tue Aug 18 20:35:27 +0200 2009
I, [2009-08-18T20:35:40.764048 #1026]  INFO -- : Syncing vendor/plugins/sitemap_generator-plugin/uninstall.rb modified at Tue Aug 18 20:35:27 +0200 2009
I, [2009-08-18T20:35:40.780421 #1026]  INFO -- : Syncing vendor/plugins/sitemap_generator-plugin/test modified at Tue Aug 18 20:35:27 +0200 2009
I, [2009-08-18T20:35:40.784235 #1026]  INFO -- : Syncing vendor/plugins/sitemap_generator-plugin/test/test_helper.rb modified at Tue Aug 18 20:35:27 +0200 2009
I, [2009-08-18T20:35:40.788493 #1026]  INFO -- : Syncing vendor/plugins/sitemap_generator-plugin/test/sitemap_generator_test.rb modified at Tue Aug 18 20:35:27 +0200 2009
I, [2009-08-18T20:35:40.794698 #1026]  INFO -- : Syncing vendor/plugins/sitemap_generator-plugin/templates modified at Tue Aug 18 20:35:27 +0200 2009
I, [2009-08-18T20:35:40.798422 #1026]  INFO -- : Syncing vendor/plugins/sitemap_generator-plugin/templates/xml_sitemap.builder modified at Tue Aug 18 20:35:27 +0200 2009
I, [2009-08-18T20:35:40.802874 #1026]  INFO -- : Syncing vendor/plugins/sitemap_generator-plugin/templates/sitemap_index.builder modified at Tue Aug 18 20:35:27 +0200 2009
I, [2009-08-18T20:35:40.807110 #1026]  INFO -- : Syncing vendor/plugins/sitemap_generator-plugin/templates/sitemap.rb modified at Tue Aug 18 20:35:27 +0200 2009
I, [2009-08-18T20:35:40.811708 #1026]  INFO -- : Syncing vendor/plugins/sitemap_generator-plugin/tasks modified at Tue Aug 18 20:35:27 +0200 2009
I, [2009-08-18T20:35:40.815410 #1026]  INFO -- : Syncing vendor/plugins/sitemap_generator-plugin/tasks/sitemap_generator_tasks.rake modified at Tue Aug 18 20:35:27 +0200 2009
I, [2009-08-18T20:35:40.819649 #1026]  INFO -- : Syncing vendor/plugins/sitemap_generator-plugin/README.md modified at Tue Aug 18 20:35:27 +0200 2009
I, [2009-08-18T20:35:40.828109 #1026]  INFO -- : Syncing vendor/plugins/sitemap_generator-plugin/Rakefile modified at Tue Aug 18 20:35:27 +0200 2009
I, [2009-08-18T20:35:40.832264 #1026]  INFO -- : Syncing vendor/plugins/sitemap_generator-plugin/MIT-LICENSE modified at Tue Aug 18 20:35:27 +0200 2009
I, [2009-08-18T20:35:40.839942 #1026]  INFO -- : Syncing vendor/plugins/sitemap_generator-plugin/lib modified at Tue Aug 18 20:35:27 +0200 2009
I, [2009-08-18T20:35:40.844947 #1026]  INFO -- : Syncing vendor/plugins/sitemap_generator-plugin/lib/sitemap_generator.rb modified at Tue Aug 18 20:35:27 +0200 2009
I, [2009-08-18T20:35:40.849513 #1026]  INFO -- : Syncing vendor/plugins/sitemap_generator-plugin/lib/sitemap_generator modified at Tue Aug 18 20:35:27 +0200 2009
I, [2009-08-18T20:35:40.853516 #1026]  INFO -- : Syncing vendor/plugins/sitemap_generator-plugin/lib/sitemap_generator/mapper.rb modified at Tue Aug 18 20:35:27 +0200 2009
I, [2009-08-18T20:35:40.857684 #1026]  INFO -- : Syncing vendor/plugins/sitemap_generator-plugin/lib/sitemap_generator/link_set.rb modified at Tue Aug 18 20:35:27 +0200 2009
I, [2009-08-18T20:35:40.861792 #1026]  INFO -- : Syncing vendor/plugins/sitemap_generator-plugin/lib/sitemap_generator/link.rb modified at Tue Aug 18 20:35:27 +0200 2009
I, [2009-08-18T20:35:40.865934 #1026]  INFO -- : Syncing vendor/plugins/sitemap_generator-plugin/lib/sitemap_generator/helper.rb modified at Tue Aug 18 20:35:27 +0200 2009
I, [2009-08-18T20:35:40.870303 #1026]  INFO -- : Syncing vendor/plugins/sitemap_generator-plugin/install.rb modified at Tue Aug 18 20:35:27 +0200 2009
I, [2009-08-18T20:35:40.878870 #1026]  INFO -- : Syncing vendor/plugins/sitemap_generator-plugin/init.rb modified at Tue Aug 18 20:35:27 +0200 2009
I, [2009-08-18T20:35:40.887182 #1026]  INFO -- : Syncing vendor/plugins/sanitize_email modified at Tue Aug 18 20:35:27 +0200 2009
I, [2009-08-18T20:35:40.891998 #1026]  INFO -- : Syncing vendor/plugins/sanitize_email/test modified at Tue Aug 18 20:35:27 +0200 2009
I, [2009-08-18T20:35:40.897562 #1026]  INFO -- : Syncing vendor/plugins/sanitize_email/test/sanitize_email_test.rb modified at Tue Aug 18 20:35:27 +0200 2009
I, [2009-08-18T20:35:40.920642 #1026]  INFO -- : Syncing vendor/plugins/sanitize_email/README modified at Tue Aug 18 20:35:27 +0200 2009
I, [2009-08-18T20:35:40.928712 #1026]  INFO -- : Syncing vendor/plugins/sanitize_email/Rakefile modified at Tue Aug 18 20:35:27 +0200 2009
I, [2009-08-18T20:35:40.933205 #1026]  INFO -- : Syncing vendor/plugins/sanitize_email/MIT-LICENSE modified at Tue Aug 18 20:35:27 +0200 2009
I, [2009-08-18T20:35:40.937711 #1026]  INFO -- : Syncing vendor/plugins/sanitize_email/lib modified at Tue Aug 18 20:35:27 +0200 2009
I, [2009-08-18T20:35:40.941483 #1026]  INFO -- : Syncing vendor/plugins/sanitize_email/lib/sanitize_email.rb modified at Tue Aug 18 20:35:27 +0200 2009
I, [2009-08-18T20:35:40.946723 #1026]  INFO -- : Syncing vendor/plugins/sanitize_email/lib/custom_environments.rb modified at Tue Aug 18 20:35:27 +0200 2009
I, [2009-08-18T20:35:40.951445 #1026]  INFO -- : Syncing vendor/plugins/sanitize_email/init.rb modified at Tue Aug 18 20:35:27 +0200 2009
I, [2009-08-18T20:35:40.955479 #1026]  INFO -- : Syncing vendor/plugins/safe_mass_assignment modified at Tue Aug 18 20:35:27 +0200 2009
I, [2009-08-18T20:35:40.997983 #1026]  INFO -- : Syncing vendor/plugins/safe_mass_assignment/README.rdoc modified at Tue Aug 18 20:35:27 +0200 2009
I, [2009-08-18T20:35:41.009744 #1026]  INFO -- : Syncing vendor/plugins/safe_mass_assignment/lib modified at Tue Aug 18 20:35:27 +0200 2009
I, [2009-08-18T20:35:41.013429 #1026]  INFO -- : Syncing vendor/plugins/safe_mass_assignment/lib/safe_mass_assignment_proxy.rb modified at Tue Aug 18 20:35:27 +0200 2009
I, [2009-08-18T20:35:41.017961 #1026]  INFO -- : Syncing vendor/plugins/safe_mass_assignment/lib/safe_mass_assignment.rb modified at Tue Aug 18 20:35:27 +0200 2009
I, [2009-08-18T20:35:41.022022 #1026]  INFO -- : Syncing vendor/plugins/safe_mass_assignment/init.rb modified at Tue Aug 18 20:35:27 +0200 2009
I, [2009-08-18T20:35:41.026113 #1026]  INFO -- : Syncing vendor/plugins/safe_mass_assignment/.gitignore modified at Tue Aug 18 20:35:27 +0200 2009
I, [2009-08-18T20:35:41.030473 #1026]  INFO -- : Syncing vendor/plugins/resource_fu modified at Tue Aug 18 20:35:27 +0200 2009
I, [2009-08-18T20:35:41.034249 #1026]  INFO -- : Syncing vendor/plugins/resource_fu/test modified at Tue Aug 18 20:35:27 +0200 2009
I, [2009-08-18T20:35:41.037886 #1026]  INFO -- : Syncing vendor/plugins/resource_fu/test/test_helper.rb modified at Tue Aug 18 20:35:27 +0200 2009
I, [2009-08-18T20:35:41.058606 #1026]  INFO -- : Syncing vendor/plugins/resource_fu/test/opaque_resource_names_test.rb modified at Tue Aug 18 20:35:27 +0200 2009
I, [2009-08-18T20:35:41.063305 #1026]  INFO -- : Syncing vendor/plugins/resource_fu/test/inferencing_helpers_test.rb modified at Tue Aug 18 20:35:27 +0200 2009
I, [2009-08-18T20:35:41.067732 #1026]  INFO -- : Syncing vendor/plugins/resource_fu/test/fixtures modified at Tue Aug 18 20:35:27 +0200 2009
I, [2009-08-18T20:35:41.071463 #1026]  INFO -- : Syncing vendor/plugins/resource_fu/test/fixtures/opaque_resource_names_test_controller.rb modified at Tue Aug 18 20:35:27 +0200 2009
I, [2009-08-18T20:35:41.077299 #1026]  INFO -- : Syncing vendor/plugins/resource_fu/test/fixtures/inferencing_test_helpers_controller.rb modified at Tue Aug 18 20:35:27 +0200 2009
I, [2009-08-18T20:35:41.081669 #1026]  INFO -- : Syncing vendor/plugins/resource_fu/README modified at Tue Aug 18 20:35:27 +0200 2009
I, [2009-08-18T20:35:41.096138 #1026]  INFO -- : Syncing vendor/plugins/resource_fu/lib modified at Tue Aug 18 20:35:27 +0200 2009
I, [2009-08-18T20:35:41.099829 #1026]  INFO -- : Syncing vendor/plugins/resource_fu/lib/resource_fu.rb modified at Tue Aug 18 20:35:27 +0200 2009
I, [2009-08-18T20:35:41.104577 #1026]  INFO -- : Syncing vendor/plugins/resource_fu/init.rb modified at Tue Aug 18 20:35:27 +0200 2009
I, [2009-08-18T20:35:41.108576 #1026]  INFO -- : Syncing vendor/plugins/rack-bug modified at Tue Aug 18 20:35:27 +0200 2009
I, [2009-08-18T20:35:41.112302 #1026]  INFO -- : Syncing vendor/plugins/rack-bug/spec modified at Tue Aug 18 20:35:27 +0200 2009
I, [2009-08-18T20:35:41.115829 #1026]  INFO -- : Syncing vendor/plugins/rack-bug/spec/spec_helper.rb modified at Tue Aug 18 20:35:27 +0200 2009
I, [2009-08-18T20:35:41.131997 #1026]  INFO -- : Syncing vendor/plugins/rack-bug/spec/spec.opts modified at Tue Aug 18 20:35:27 +0200 2009
I, [2009-08-18T20:35:41.136903 #1026]  INFO -- : Syncing vendor/plugins/rack-bug/spec/rcov.opts modified at Tue Aug 18 20:35:27 +0200 2009
I, [2009-08-18T20:35:41.141407 #1026]  INFO -- : Syncing vendor/plugins/rack-bug/spec/rack modified at Tue Aug 18 20:35:27 +0200 2009
I, [2009-08-18T20:35:41.145540 #1026]  INFO -- : Syncing vendor/plugins/rack-bug/spec/rack/toolbar_spec.rb modified at Tue Aug 18 20:35:27 +0200 2009
I, [2009-08-18T20:35:41.150180 #1026]  INFO -- : Syncing vendor/plugins/rack-bug/spec/rack/bug modified at Tue Aug 18 20:35:27 +0200 2009
I, [2009-08-18T20:35:41.153973 #1026]  INFO -- : Syncing vendor/plugins/rack-bug/spec/rack/bug/panels modified at Tue Aug 18 20:35:27 +0200 2009
I, [2009-08-18T20:35:41.157544 #1026]  INFO -- : Syncing vendor/plugins/rack-bug/spec/rack/bug/panels/timer_panel_spec.rb modified at Tue Aug 18 20:35:27 +0200 2009
I, [2009-08-18T20:35:41.162039 #1026]  INFO -- : Syncing vendor/plugins/rack-bug/spec/rack/bug/panels/templates_panel_spec.rb modified at Tue Aug 18 20:35:27 +0200 2009
I, [2009-08-18T20:35:41.166520 #1026]  INFO -- : Syncing vendor/plugins/rack-bug/spec/rack/bug/panels/sql_panel_spec.rb modified at Tue Aug 18 20:35:27 +0200 2009
I, [2009-08-18T20:35:41.181360 #1026]  INFO -- : Syncing vendor/plugins/rack-bug/spec/rack/bug/panels/rails_info_panel_spec.rb modified at Tue Aug 18 20:35:27 +0200 2009
I, [2009-08-18T20:35:41.185987 #1026]  INFO -- : Syncing vendor/plugins/rack-bug/spec/rack/bug/panels/memory_panel_spec.rb modified at Tue Aug 18 20:35:27 +0200 2009
I, [2009-08-18T20:35:41.190578 #1026]  INFO -- : Syncing vendor/plugins/rack-bug/spec/rack/bug/panels/log_panel_spec.rb modified at Tue Aug 18 20:35:27 +0200 2009
I, [2009-08-18T20:35:41.197610 #1026]  INFO -- : Syncing vendor/plugins/rack-bug/spec/rack/bug/panels/env_panel_spec.rb modified at Tue Aug 18 20:35:27 +0200 2009
I, [2009-08-18T20:35:41.202162 #1026]  INFO -- : Syncing vendor/plugins/rack-bug/spec/rack/bug/panels/cache_panel_spec.rb modified at Tue Aug 18 20:35:27 +0200 2009
I, [2009-08-18T20:35:41.206941 #1026]  INFO -- : Syncing vendor/plugins/rack-bug/spec/rack/bug/panels/active_record_panel_spec.rb modified at Tue Aug 18 20:35:27 +0200 2009
I, [2009-08-18T20:35:41.211534 #1026]  INFO -- : Syncing vendor/plugins/rack-bug/spec/fixtures modified at Tue Aug 18 20:35:27 +0200 2009
I, [2009-08-18T20:35:41.257798 #1026]  INFO -- : Syncing vendor/plugins/rack-bug/spec/fixtures/sample_app.rb modified at Tue Aug 18 20:35:27 +0200 2009
I, [2009-08-18T20:35:41.262346 #1026]  INFO -- : Syncing vendor/plugins/rack-bug/spec/fixtures/dummy_panel.rb modified at Tue Aug 18 20:35:27 +0200 2009
I, [2009-08-18T20:35:41.267158 #1026]  INFO -- : Syncing vendor/plugins/rack-bug/spec/fixtures/config.ru modified at Tue Aug 18 20:35:27 +0200 2009
I, [2009-08-18T20:35:41.271615 #1026]  INFO -- : Syncing vendor/plugins/rack-bug/README.rdoc modified at Tue Aug 18 20:35:27 +0200 2009
I, [2009-08-18T20:35:41.279809 #1026]  INFO -- : Syncing vendor/plugins/rack-bug/Rakefile modified at Tue Aug 18 20:35:27 +0200 2009
I, [2009-08-18T20:35:41.285758 #1026]  INFO -- : Syncing vendor/plugins/rack-bug/MIT-LICENSE.txt modified at Tue Aug 18 20:35:27 +0200 2009
I, [2009-08-18T20:35:41.290114 #1026]  INFO -- : Syncing vendor/plugins/rack-bug/lib modified at Tue Aug 18 20:35:27 +0200 2009
I, [2009-08-18T20:35:41.293692 #1026]  INFO -- : Syncing vendor/plugins/rack-bug/lib/rack modified at Tue Aug 18 20:35:27 +0200 2009
I, [2009-08-18T20:35:41.297359 #1026]  INFO -- : Syncing vendor/plugins/rack-bug/lib/rack/bug.rb modified at Tue Aug 18 20:35:27 +0200 2009
I, [2009-08-18T20:35:41.303643 #1026]  INFO -- : Syncing vendor/plugins/rack-bug/lib/rack/bug modified at Tue Aug 18 20:35:27 +0200 2009
I, [2009-08-18T20:35:41.307772 #1026]  INFO -- : Syncing vendor/plugins/rack-bug/lib/rack/bug/views modified at Tue Aug 18 20:35:27 +0200 2009
I, [2009-08-18T20:35:41.315824 #1026]  INFO -- : Syncing vendor/plugins/rack-bug/lib/rack/bug/views/toolbar.html.erb modified at Tue Aug 18 20:35:27 +0200 2009
I, [2009-08-18T20:35:41.321186 #1026]  INFO -- : Syncing vendor/plugins/rack-bug/lib/rack/bug/views/redirect.html.erb modified at Tue Aug 18 20:35:27 +0200 2009
I, [2009-08-18T20:35:41.326099 #1026]  INFO -- : Syncing vendor/plugins/rack-bug/lib/rack/bug/views/panels modified at Tue Aug 18 20:35:27 +0200 2009
I, [2009-08-18T20:35:41.331154 #1026]  INFO -- : Syncing vendor/plugins/rack-bug/lib/rack/bug/views/panels/view_cache.html.erb modified at Tue Aug 18 20:35:27 +0200 2009
I, [2009-08-18T20:35:41.335980 #1026]  INFO -- : Syncing vendor/plugins/rack-bug/lib/rack/bug/views/panels/timer.html.erb modified at Tue Aug 18 20:35:27 +0200 2009
I, [2009-08-18T20:35:41.340533 #1026]  INFO -- : Syncing vendor/plugins/rack-bug/lib/rack/bug/views/panels/templates.html.erb modified at Tue Aug 18 20:35:27 +0200 2009
I, [2009-08-18T20:35:41.346207 #1026]  INFO -- : Syncing vendor/plugins/rack-bug/lib/rack/bug/views/panels/sql.html.erb modified at Tue Aug 18 20:35:27 +0200 2009
I, [2009-08-18T20:35:41.351720 #1026]  INFO -- : Syncing vendor/plugins/rack-bug/lib/rack/bug/views/panels/request_variables.html.erb modified at Tue Aug 18 20:35:27 +0200 2009
I, [2009-08-18T20:35:41.366064 #1026]  INFO -- : Syncing vendor/plugins/rack-bug/lib/rack/bug/views/panels/rails_info.html.erb modified at Tue Aug 18 20:35:27 +0200 2009
I, [2009-08-18T20:35:41.370925 #1026]  INFO -- : Syncing vendor/plugins/rack-bug/lib/rack/bug/views/panels/profile_sql.html.erb modified at Tue Aug 18 20:35:27 +0200 2009
I, [2009-08-18T20:35:41.376104 #1026]  INFO -- : Syncing vendor/plugins/rack-bug/lib/rack/bug/views/panels/log.html.erb modified at Tue Aug 18 20:35:27 +0200 2009
I, [2009-08-18T20:35:41.382837 #1026]  INFO -- : Syncing vendor/plugins/rack-bug/lib/rack/bug/views/panels/explain_sql.html.erb modified at Tue Aug 18 20:35:27 +0200 2009
I, [2009-08-18T20:35:41.387732 #1026]  INFO -- : Syncing vendor/plugins/rack-bug/lib/rack/bug/views/panels/execute_sql.html.erb modified at Tue Aug 18 20:35:27 +0200 2009
I, [2009-08-18T20:35:41.392538 #1026]  INFO -- : Syncing vendor/plugins/rack-bug/lib/rack/bug/views/panels/env.html.erb modified at Tue Aug 18 20:35:27 +0200 2009
I, [2009-08-18T20:35:41.397324 #1026]  INFO -- : Syncing vendor/plugins/rack-bug/lib/rack/bug/views/panels/cache.html.erb modified at Tue Aug 18 20:35:27 +0200 2009
I, [2009-08-18T20:35:41.404597 #1026]  INFO -- : Syncing vendor/plugins/rack-bug/lib/rack/bug/views/panels/active_record.html.erb modified at Tue Aug 18 20:35:27 +0200 2009
I, [2009-08-18T20:35:41.425463 #1026]  INFO -- : Syncing vendor/plugins/rack-bug/lib/rack/bug/views/error.html.erb modified at Tue Aug 18 20:35:27 +0200 2009
I, [2009-08-18T20:35:41.437870 #1026]  INFO -- : Syncing vendor/plugins/rack-bug/lib/rack/bug/toolbar.rb modified at Tue Aug 18 20:35:27 +0200 2009
I, [2009-08-18T20:35:41.442224 #1026]  INFO -- : Syncing vendor/plugins/rack-bug/lib/rack/bug/render.rb modified at Tue Aug 18 20:35:27 +0200 2009
I, [2009-08-18T20:35:41.447084 #1026]  INFO -- : Syncing vendor/plugins/rack-bug/lib/rack/bug/public modified at Tue Aug 18 20:35:27 +0200 2009
I, [2009-08-18T20:35:41.451000 #1026]  INFO -- : Syncing vendor/plugins/rack-bug/lib/rack/bug/public/__rack_bug__ modified at Tue Aug 18 20:35:27 +0200 2009
I, [2009-08-18T20:35:41.455138 #1026]  INFO -- : Syncing vendor/plugins/rack-bug/lib/rack/bug/public/__rack_bug__/spinner.gif modified at Tue Aug 18 20:35:27 +0200 2009
I, [2009-08-18T20:35:41.506945 #1026]  INFO -- : Syncing vendor/plugins/rack-bug/lib/rack/bug/public/__rack_bug__/jquery-1.3.2.js modified at Tue Aug 18 20:35:27 +0200 2009
I, [2009-08-18T20:35:44.139442 #1026]  INFO -- : Syncing vendor/plugins/rack-bug/lib/rack/bug/public/__rack_bug__/bug.js modified at Tue Aug 18 20:35:27 +0200 2009
I, [2009-08-18T20:35:44.423884 #1026]  INFO -- : Syncing vendor/plugins/rack-bug/lib/rack/bug/public/__rack_bug__/bug.css modified at Tue Aug 18 20:35:27 +0200 2009
I, [2009-08-18T20:35:44.435900 #1026]  INFO -- : Syncing vendor/plugins/rack-bug/lib/rack/bug/public/__rack_bug__/bookmarklet.js modified at Tue Aug 18 20:35:27 +0200 2009
I, [2009-08-18T20:35:44.447294 #1026]  INFO -- : Syncing vendor/plugins/rack-bug/lib/rack/bug/public/__rack_bug__/bookmarklet.html modified at Tue Aug 18 20:35:27 +0200 2009
I, [2009-08-18T20:35:44.452645 #1026]  INFO -- : Syncing vendor/plugins/rack-bug/lib/rack/bug/params_signature.rb modified at Tue Aug 18 20:35:27 +0200 2009
I, [2009-08-18T20:35:44.456981 #1026]  INFO -- : Syncing vendor/plugins/rack-bug/lib/rack/bug/panels modified at Tue Aug 18 20:35:27 +0200 2009
I, [2009-08-18T20:35:44.460829 #1026]  INFO -- : Syncing vendor/plugins/rack-bug/lib/rack/bug/panels/timer_panel.rb modified at Tue Aug 18 20:35:27 +0200 2009
I, [2009-08-18T20:35:44.465651 #1026]  INFO -- : Syncing vendor/plugins/rack-bug/lib/rack/bug/panels/templates_panel.rb modified at Tue Aug 18 20:35:27 +0200 2009
I, [2009-08-18T20:35:44.469988 #1026]  INFO -- : Syncing vendor/plugins/rack-bug/lib/rack/bug/panels/templates_panel modified at Tue Aug 18 20:35:27 +0200 2009
I, [2009-08-18T20:35:44.473683 #1026]  INFO -- : Syncing vendor/plugins/rack-bug/lib/rack/bug/panels/templates_panel/trace.rb modified at Tue Aug 18 20:35:27 +0200 2009
I, [2009-08-18T20:35:44.478189 #1026]  INFO -- : Syncing vendor/plugins/rack-bug/lib/rack/bug/panels/templates_panel/rendering.rb modified at Tue Aug 18 20:35:27 +0200 2009
I, [2009-08-18T20:35:44.482990 #1026]  INFO -- : Syncing vendor/plugins/rack-bug/lib/rack/bug/panels/templates_panel/actionview_extension.rb modified at Tue Aug 18 20:35:27 +0200 2009
I, [2009-08-18T20:35:44.494417 #1026]  INFO -- : Syncing vendor/plugins/rack-bug/lib/rack/bug/panels/sql_panel.rb modified at Tue Aug 18 20:35:27 +0200 2009
I, [2009-08-18T20:35:44.500315 #1026]  INFO -- : Syncing vendor/plugins/rack-bug/lib/rack/bug/panels/sql_panel modified at Tue Aug 18 20:35:27 +0200 2009
I, [2009-08-18T20:35:44.504090 #1026]  INFO -- : Syncing vendor/plugins/rack-bug/lib/rack/bug/panels/sql_panel/sql_extension.rb modified at Tue Aug 18 20:35:27 +0200 2009
I, [2009-08-18T20:35:44.510683 #1026]  INFO -- : Syncing vendor/plugins/rack-bug/lib/rack/bug/panels/sql_panel/query.rb modified at Tue Aug 18 20:35:27 +0200 2009
I, [2009-08-18T20:35:44.514958 #1026]  INFO -- : Syncing vendor/plugins/rack-bug/lib/rack/bug/panels/sql_panel/panel_app.rb modified at Tue Aug 18 20:35:27 +0200 2009
I, [2009-08-18T20:35:44.519247 #1026]  INFO -- : Syncing vendor/plugins/rack-bug/lib/rack/bug/panels/request_variables_panel.rb modified at Tue Aug 18 20:35:27 +0200 2009
I, [2009-08-18T20:35:44.524146 #1026]  INFO -- : Syncing vendor/plugins/rack-bug/lib/rack/bug/panels/rails_info_panel.rb modified at Tue Aug 18 20:35:27 +0200 2009
I, [2009-08-18T20:35:44.528300 #1026]  INFO -- : Syncing vendor/plugins/rack-bug/lib/rack/bug/panels/memory_panel.rb modified at Tue Aug 18 20:35:27 +0200 2009
I, [2009-08-18T20:35:44.540844 #1026]  INFO -- : Syncing vendor/plugins/rack-bug/lib/rack/bug/panels/log_panel.rb modified at Tue Aug 18 20:35:28 +0200 2009
I, [2009-08-18T20:35:44.546586 #1026]  INFO -- : Syncing vendor/plugins/rack-bug/lib/rack/bug/panels/log_panel modified at Tue Aug 18 20:35:28 +0200 2009
I, [2009-08-18T20:35:44.550407 #1026]  INFO -- : Syncing vendor/plugins/rack-bug/lib/rack/bug/panels/log_panel/logger_extension.rb modified at Tue Aug 18 20:35:28 +0200 2009
I, [2009-08-18T20:35:44.556077 #1026]  INFO -- : Syncing vendor/plugins/rack-bug/lib/rack/bug/panels/env_panel.rb modified at Tue Aug 18 20:35:28 +0200 2009
I, [2009-08-18T20:35:44.560442 #1026]  INFO -- : Syncing vendor/plugins/rack-bug/lib/rack/bug/panels/cache_panel.rb modified at Tue Aug 18 20:35:28 +0200 2009
I, [2009-08-18T20:35:44.564886 #1026]  INFO -- : Syncing vendor/plugins/rack-bug/lib/rack/bug/panels/cache_panel modified at Tue Aug 18 20:35:28 +0200 2009
I, [2009-08-18T20:35:44.568568 #1026]  INFO -- : Syncing vendor/plugins/rack-bug/lib/rack/bug/panels/cache_panel/stats.rb modified at Tue Aug 18 20:35:28 +0200 2009
I, [2009-08-18T20:35:44.572963 #1026]  INFO -- : Syncing vendor/plugins/rack-bug/lib/rack/bug/panels/cache_panel/panel_app.rb modified at Tue Aug 18 20:35:28 +0200 2009
I, [2009-08-18T20:35:44.577344 #1026]  INFO -- : Syncing vendor/plugins/rack-bug/lib/rack/bug/panels/cache_panel/memcache_extension.rb modified at Tue Aug 18 20:35:28 +0200 2009
I, [2009-08-18T20:35:44.630068 #1026]  INFO -- : Syncing vendor/plugins/rack-bug/lib/rack/bug/panels/active_record_panel.rb modified at Tue Aug 18 20:35:28 +0200 2009
I, [2009-08-18T20:35:44.635134 #1026]  INFO -- : Syncing vendor/plugins/rack-bug/lib/rack/bug/panels/active_record_panel modified at Tue Aug 18 20:35:28 +0200 2009
I, [2009-08-18T20:35:44.645754 #1026]  INFO -- : Syncing vendor/plugins/rack-bug/lib/rack/bug/panels/active_record_panel/activerecord_extensions.rb modified at Tue Aug 18 20:35:28 +0200 2009
I, [2009-08-18T20:35:44.652746 #1026]  INFO -- : Syncing vendor/plugins/rack-bug/lib/rack/bug/panel_app.rb modified at Tue Aug 18 20:35:28 +0200 2009
I, [2009-08-18T20:35:44.657665 #1026]  INFO -- : Syncing vendor/plugins/rack-bug/lib/rack/bug/panel.rb modified at Tue Aug 18 20:35:28 +0200 2009
I, [2009-08-18T20:35:44.662000 #1026]  INFO -- : Syncing vendor/plugins/rack-bug/lib/rack/bug/options.rb modified at Tue Aug 18 20:35:28 +0200 2009
I, [2009-08-18T20:35:44.666337 #1026]  INFO -- : Syncing vendor/plugins/rack-bug/History.txt modified at Tue Aug 18 20:35:28 +0200 2009
I, [2009-08-18T20:35:44.670241 #1026]  INFO -- : Syncing vendor/plugins/rack-bug/example modified at Tue Aug 18 20:35:28 +0200 2009
I, [2009-08-18T20:35:44.680635 #1026]  INFO -- : Syncing vendor/plugins/rack-bug/example/example.ru modified at Tue Aug 18 20:35:28 +0200 2009
I, [2009-08-18T20:35:44.686045 #1026]  INFO -- : Syncing vendor/plugins/rack-bug/.gitignore modified at Tue Aug 18 20:35:28 +0200 2009
I, [2009-08-18T20:35:44.690947 #1026]  INFO -- : Syncing vendor/plugins/jrails modified at Tue Aug 18 20:35:28 +0200 2009
I, [2009-08-18T20:35:44.696665 #1026]  INFO -- : Syncing vendor/plugins/jrails/tasks modified at Tue Aug 18 20:35:28 +0200 2009
I, [2009-08-18T20:35:44.701119 #1026]  INFO -- : Syncing vendor/plugins/jrails/tasks/jrails.rake modified at Tue Aug 18 20:35:28 +0200 2009
I, [2009-08-18T20:35:44.705822 #1026]  INFO -- : Syncing vendor/plugins/jrails/README modified at Tue Aug 18 20:35:28 +0200 2009
I, [2009-08-18T20:35:44.723614 #1026]  INFO -- : Syncing vendor/plugins/jrails/lib modified at Tue Aug 18 20:35:28 +0200 2009
I, [2009-08-18T20:35:44.730846 #1026]  INFO -- : Syncing vendor/plugins/jrails/lib/jrails.rb modified at Tue Aug 18 20:35:28 +0200 2009
I, [2009-08-18T20:35:44.999795 #1026]  INFO -- : Syncing vendor/plugins/jrails/javascripts modified at Tue Aug 18 20:35:28 +0200 2009
I, [2009-08-18T20:35:45.004275 #1026]  INFO -- : Syncing vendor/plugins/jrails/javascripts/sources modified at Tue Aug 18 20:35:28 +0200 2009
I, [2009-08-18T20:35:45.008494 #1026]  INFO -- : Syncing vendor/plugins/jrails/javascripts/sources/jrails.js modified at Tue Aug 18 20:35:28 +0200 2009
I, [2009-08-18T20:35:45.013597 #1026]  INFO -- : Syncing vendor/plugins/jrails/javascripts/jrails.js modified at Tue Aug 18 20:35:28 +0200 2009
I, [2009-08-18T20:35:45.018203 #1026]  INFO -- : Syncing vendor/plugins/jrails/javascripts/jquery.js modified at Tue Aug 18 20:35:28 +0200 2009
I, [2009-08-18T20:35:45.776419 #1026]  INFO -- : Syncing vendor/plugins/jrails/javascripts/jquery-ui.js modified at Tue Aug 18 20:35:28 +0200 2009
I, [2009-08-18T20:35:46.686852 #1026]  INFO -- : Syncing vendor/plugins/jrails/install.rb modified at Tue Aug 18 20:35:28 +0200 2009
I, [2009-08-18T20:35:46.691606 #1026]  INFO -- : Syncing vendor/plugins/jrails/init.rb modified at Tue Aug 18 20:35:28 +0200 2009
I, [2009-08-18T20:35:46.696191 #1026]  INFO -- : Syncing vendor/plugins/jrails/CHANGELOG modified at Tue Aug 18 20:35:28 +0200 2009
I, [2009-08-18T20:35:46.700847 #1026]  INFO -- : Syncing vendor/plugins/hoptoad_notifier modified at Tue Aug 18 20:35:28 +0200 2009
I, [2009-08-18T20:35:46.704562 #1026]  INFO -- : Syncing vendor/plugins/hoptoad_notifier/vendor modified at Tue Aug 18 20:35:28 +0200 2009
I, [2009-08-18T20:35:46.708200 #1026]  INFO -- : Syncing vendor/plugins/hoptoad_notifier/vendor/ginger modified at Tue Aug 18 20:35:28 +0200 2009
I, [2009-08-18T20:35:46.711956 #1026]  INFO -- : Syncing vendor/plugins/hoptoad_notifier/vendor/ginger/spec modified at Tue Aug 18 20:35:28 +0200 2009
I, [2009-08-18T20:35:46.715745 #1026]  INFO -- : Syncing vendor/plugins/hoptoad_notifier/vendor/ginger/spec/spec_helper.rb modified at Tue Aug 18 20:35:28 +0200 2009
I, [2009-08-18T20:35:46.733278 #1026]  INFO -- : Syncing vendor/plugins/hoptoad_notifier/vendor/ginger/spec/ginger_spec.rb modified at Tue Aug 18 20:35:28 +0200 2009
I, [2009-08-18T20:35:46.738565 #1026]  INFO -- : Syncing vendor/plugins/hoptoad_notifier/vendor/ginger/spec/ginger modified at Tue Aug 18 20:35:28 +0200 2009
I, [2009-08-18T20:35:46.742837 #1026]  INFO -- : Syncing vendor/plugins/hoptoad_notifier/vendor/ginger/spec/ginger/scenario_spec.rb modified at Tue Aug 18 20:35:28 +0200 2009
I, [2009-08-18T20:35:46.747626 #1026]  INFO -- : Syncing vendor/plugins/hoptoad_notifier/vendor/ginger/spec/ginger/kernel_spec.rb modified at Tue Aug 18 20:35:28 +0200 2009
I, [2009-08-18T20:35:46.752420 #1026]  INFO -- : Syncing vendor/plugins/hoptoad_notifier/vendor/ginger/spec/ginger/configuration_spec.rb modified at Tue Aug 18 20:35:28 +0200 2009
I, [2009-08-18T20:35:46.757202 #1026]  INFO -- : Syncing vendor/plugins/hoptoad_notifier/vendor/ginger/README.textile modified at Tue Aug 18 20:35:28 +0200 2009
I, [2009-08-18T20:35:46.761830 #1026]  INFO -- : Syncing vendor/plugins/hoptoad_notifier/vendor/ginger/Rakefile modified at Tue Aug 18 20:35:28 +0200 2009
I, [2009-08-18T20:35:46.766366 #1026]  INFO -- : Syncing vendor/plugins/hoptoad_notifier/vendor/ginger/LICENCE modified at Tue Aug 18 20:35:28 +0200 2009
I, [2009-08-18T20:35:46.812773 #1026]  INFO -- : Syncing vendor/plugins/hoptoad_notifier/vendor/ginger/lib modified at Tue Aug 18 20:35:28 +0200 2009
I, [2009-08-18T20:35:46.816855 #1026]  INFO -- : Syncing vendor/plugins/hoptoad_notifier/vendor/ginger/lib/ginger.rb modified at Tue Aug 18 20:35:28 +0200 2009
I, [2009-08-18T20:35:46.821814 #1026]  INFO -- : Syncing vendor/plugins/hoptoad_notifier/vendor/ginger/lib/ginger modified at Tue Aug 18 20:35:28 +0200 2009
I, [2009-08-18T20:35:46.825655 #1026]  INFO -- : Syncing vendor/plugins/hoptoad_notifier/vendor/ginger/lib/ginger/scenario.rb modified at Tue Aug 18 20:35:28 +0200 2009
I, [2009-08-18T20:35:46.830899 #1026]  INFO -- : Syncing vendor/plugins/hoptoad_notifier/vendor/ginger/lib/ginger/kernel.rb modified at Tue Aug 18 20:35:28 +0200 2009
I, [2009-08-18T20:35:46.835999 #1026]  INFO -- : Syncing vendor/plugins/hoptoad_notifier/vendor/ginger/lib/ginger/configuration.rb modified at Tue Aug 18 20:35:28 +0200 2009
I, [2009-08-18T20:35:46.840673 #1026]  INFO -- : Syncing vendor/plugins/hoptoad_notifier/vendor/ginger/ginger.gemspec modified at Tue Aug 18 20:35:28 +0200 2009
I, [2009-08-18T20:35:46.852423 #1026]  INFO -- : Syncing vendor/plugins/hoptoad_notifier/vendor/ginger/bin modified at Tue Aug 18 20:35:28 +0200 2009
I, [2009-08-18T20:35:46.856654 #1026]  INFO -- : Syncing vendor/plugins/hoptoad_notifier/vendor/ginger/bin/ginger modified at Tue Aug 18 20:35:28 +0200 2009
I, [2009-08-18T20:35:46.861425 #1026]  INFO -- : Syncing vendor/plugins/hoptoad_notifier/vendor/ginger/.gitignore modified at Tue Aug 18 20:35:28 +0200 2009
I, [2009-08-18T20:35:46.866009 #1026]  INFO -- : Syncing vendor/plugins/hoptoad_notifier/TESTING modified at Tue Aug 18 20:35:28 +0200 2009
I, [2009-08-18T20:35:46.872387 #1026]  INFO -- : Syncing vendor/plugins/hoptoad_notifier/test modified at Tue Aug 18 20:35:28 +0200 2009
I, [2009-08-18T20:35:46.876043 #1026]  INFO -- : Syncing vendor/plugins/hoptoad_notifier/test/notifier_test.rb modified at Tue Aug 18 20:35:28 +0200 2009
I, [2009-08-18T20:35:46.880896 #1026]  INFO -- : Syncing vendor/plugins/hoptoad_notifier/test/logger_test.rb modified at Tue Aug 18 20:35:28 +0200 2009
I, [2009-08-18T20:35:46.888343 #1026]  INFO -- : Syncing vendor/plugins/hoptoad_notifier/test/hoptoad_tasks_test.rb modified at Tue Aug 18 20:35:28 +0200 2009
I, [2009-08-18T20:35:46.893168 #1026]  INFO -- : Syncing vendor/plugins/hoptoad_notifier/test/helper.rb modified at Tue Aug 18 20:35:28 +0200 2009
I, [2009-08-18T20:35:46.902913 #1026]  INFO -- : Syncing vendor/plugins/hoptoad_notifier/test/controller_test.rb modified at Tue Aug 18 20:35:28 +0200 2009
I, [2009-08-18T20:35:46.909934 #1026]  INFO -- : Syncing vendor/plugins/hoptoad_notifier/test/configuration_test.rb modified at Tue Aug 18 20:35:28 +0200 2009
I, [2009-08-18T20:35:46.914939 #1026]  INFO -- : Syncing vendor/plugins/hoptoad_notifier/tasks modified at Tue Aug 18 20:35:28 +0200 2009
I, [2009-08-18T20:35:46.918700 #1026]  INFO -- : Syncing vendor/plugins/hoptoad_notifier/tasks/hoptoad_notifier_tasks.rake modified at Tue Aug 18 20:35:28 +0200 2009
I, [2009-08-18T20:35:46.923104 #1026]  INFO -- : Syncing vendor/plugins/hoptoad_notifier/script modified at Tue Aug 18 20:35:28 +0200 2009
I, [2009-08-18T20:35:46.926755 #1026]  INFO -- : Syncing vendor/plugins/hoptoad_notifier/script/integration_test.rb modified at Tue Aug 18 20:35:28 +0200 2009
I, [2009-08-18T20:35:46.931385 #1026]  INFO -- : Syncing vendor/plugins/hoptoad_notifier/recipes modified at Tue Aug 18 20:35:28 +0200 2009
I, [2009-08-18T20:35:46.941534 #1026]  INFO -- : Syncing vendor/plugins/hoptoad_notifier/recipes/hoptoad.rb modified at Tue Aug 18 20:35:28 +0200 2009
I, [2009-08-18T20:35:46.947749 #1026]  INFO -- : Syncing vendor/plugins/hoptoad_notifier/README modified at Tue Aug 18 20:35:28 +0200 2009
I, [2009-08-18T20:35:46.987501 #1026]  INFO -- : Syncing vendor/plugins/hoptoad_notifier/Rakefile modified at Tue Aug 18 20:35:28 +0200 2009
I, [2009-08-18T20:35:46.998010 #1026]  INFO -- : Syncing vendor/plugins/hoptoad_notifier/MIT-LICENSE modified at Tue Aug 18 20:35:28 +0200 2009
I, [2009-08-18T20:35:47.003319 #1026]  INFO -- : Syncing vendor/plugins/hoptoad_notifier/lib modified at Tue Aug 18 20:35:28 +0200 2009
I, [2009-08-18T20:35:47.008895 #1026]  INFO -- : Syncing vendor/plugins/hoptoad_notifier/lib/hoptoad_tasks.rb modified at Tue Aug 18 20:35:28 +0200 2009
I, [2009-08-18T20:35:47.013763 #1026]  INFO -- : Syncing vendor/plugins/hoptoad_notifier/lib/hoptoad_notifier.rb modified at Tue Aug 18 20:35:28 +0200 2009
I, [2009-08-18T20:35:47.019072 #1026]  INFO -- : Syncing vendor/plugins/hoptoad_notifier/install.rb modified at Tue Aug 18 20:35:28 +0200 2009
I, [2009-08-18T20:35:47.023818 #1026]  INFO -- : Syncing vendor/plugins/hoptoad_notifier/INSTALL modified at Tue Aug 18 20:35:28 +0200 2009
I, [2009-08-18T20:35:47.035228 #1026]  INFO -- : Syncing vendor/plugins/hoptoad_notifier/ginger_scenarios.rb modified at Tue Aug 18 20:35:28 +0200 2009
I, [2009-08-18T20:35:47.042090 #1026]  INFO -- : Syncing vendor/plugins/hoptoad_notifier/.gitignore modified at Tue Aug 18 20:35:28 +0200 2009
I, [2009-08-18T20:35:47.047103 #1026]  INFO -- : Syncing vendor/plugins/haml modified at Tue Aug 18 20:35:28 +0200 2009
I, [2009-08-18T20:35:47.050765 #1026]  INFO -- : Syncing vendor/plugins/haml/init.rb modified at Tue Aug 18 20:35:28 +0200 2009
I, [2009-08-18T20:35:47.055315 #1026]  INFO -- : Syncing vendor/plugins/default_values modified at Tue Aug 18 20:35:28 +0200 2009
I, [2009-08-18T20:35:47.059048 #1026]  INFO -- : Syncing vendor/plugins/default_values/README modified at Tue Aug 18 20:35:28 +0200 2009
I, [2009-08-18T20:35:47.087972 #1026]  INFO -- : Syncing vendor/plugins/default_values/Rakefile modified at Tue Aug 18 20:35:28 +0200 2009
I, [2009-08-18T20:35:47.092902 #1026]  INFO -- : Syncing vendor/plugins/default_values/MIT-LICENSE modified at Tue Aug 18 20:35:28 +0200 2009
I, [2009-08-18T20:35:47.097662 #1026]  INFO -- : Syncing vendor/plugins/default_values/lib modified at Tue Aug 18 20:35:28 +0200 2009
I, [2009-08-18T20:35:47.101498 #1026]  INFO -- : Syncing vendor/plugins/default_values/lib/rubaidh modified at Tue Aug 18 20:35:28 +0200 2009
I, [2009-08-18T20:35:47.105581 #1026]  INFO -- : Syncing vendor/plugins/default_values/lib/rubaidh/default_values.rb modified at Tue Aug 18 20:35:28 +0200 2009
I, [2009-08-18T20:35:47.110787 #1026]  INFO -- : Syncing vendor/plugins/default_values/init.rb modified at Tue Aug 18 20:35:28 +0200 2009
I, [2009-08-18T20:35:47.115204 #1026]  INFO -- : Syncing vendor/plugins/cucumber_rails_debug modified at Tue Aug 18 20:35:28 +0200 2009
I, [2009-08-18T20:35:47.119087 #1026]  INFO -- : Syncing vendor/plugins/cucumber_rails_debug/README modified at Tue Aug 18 20:35:28 +0200 2009
I, [2009-08-18T20:35:47.134430 #1026]  INFO -- : Syncing vendor/plugins/cucumber_rails_debug/lib modified at Tue Aug 18 20:35:28 +0200 2009
I, [2009-08-18T20:35:47.140449 #1026]  INFO -- : Syncing vendor/plugins/cucumber_rails_debug/lib/cucumber_rails_debug modified at Tue Aug 18 20:35:28 +0200 2009
I, [2009-08-18T20:35:47.144176 #1026]  INFO -- : Syncing vendor/plugins/cucumber_rails_debug/lib/cucumber_rails_debug/steps.rb modified at Tue Aug 18 20:35:28 +0200 2009
I, [2009-08-18T20:35:47.149157 #1026]  INFO -- : Syncing vendor/plugins/cucumber_rails_debug/.gitignore modified at Tue Aug 18 20:35:28 +0200 2009
I, [2009-08-18T20:35:47.191668 #1026]  INFO -- : Syncing vendor/plugins/awesome_email modified at Tue Aug 18 20:35:28 +0200 2009
I, [2009-08-18T20:35:47.195621 #1026]  INFO -- : Syncing vendor/plugins/awesome_email/uninstall.rb modified at Tue Aug 18 20:35:28 +0200 2009
I, [2009-08-18T20:35:47.216224 #1026]  INFO -- : Syncing vendor/plugins/awesome_email/test modified at Tue Aug 18 20:35:28 +0200 2009
I, [2009-08-18T20:35:47.219980 #1026]  INFO -- : Syncing vendor/plugins/awesome_email/test/test_helper.rb modified at Tue Aug 18 20:35:28 +0200 2009
I, [2009-08-18T20:35:47.224827 #1026]  INFO -- : Syncing vendor/plugins/awesome_email/test/awesome_email_test.rb modified at Tue Aug 18 20:35:28 +0200 2009
I, [2009-08-18T20:35:47.234426 #1026]  INFO -- : Syncing vendor/plugins/awesome_email/tasks modified at Tue Aug 18 20:35:28 +0200 2009
I, [2009-08-18T20:35:47.238227 #1026]  INFO -- : Syncing vendor/plugins/awesome_email/tasks/awesome_email_tasks.rake modified at Tue Aug 18 20:35:28 +0200 2009
I, [2009-08-18T20:35:47.244349 #1026]  INFO -- : Syncing vendor/plugins/awesome_email/README.textile modified at Tue Aug 18 20:35:28 +0200 2009
I, [2009-08-18T20:35:47.249108 #1026]  INFO -- : Syncing vendor/plugins/awesome_email/Rakefile modified at Tue Aug 18 20:35:28 +0200 2009
I, [2009-08-18T20:35:47.254372 #1026]  INFO -- : Syncing vendor/plugins/awesome_email/MIT-LICENSE modified at Tue Aug 18 20:35:28 +0200 2009
I, [2009-08-18T20:35:47.259097 #1026]  INFO -- : Syncing vendor/plugins/awesome_email/lib modified at Tue Aug 18 20:35:28 +0200 2009
I, [2009-08-18T20:35:47.262971 #1026]  INFO -- : Syncing vendor/plugins/awesome_email/lib/layouts.rb modified at Tue Aug 18 20:35:28 +0200 2009
I, [2009-08-18T20:35:47.268395 #1026]  INFO -- : Syncing vendor/plugins/awesome_email/lib/inline_styles.rb modified at Tue Aug 18 20:35:28 +0200 2009
I, [2009-08-18T20:35:47.274481 #1026]  INFO -- : Syncing vendor/plugins/awesome_email/lib/helpers.rb modified at Tue Aug 18 20:35:28 +0200 2009
I, [2009-08-18T20:35:47.279580 #1026]  INFO -- : Syncing vendor/plugins/awesome_email/lib/convert_entities.rb modified at Tue Aug 18 20:35:28 +0200 2009
I, [2009-08-18T20:35:47.284259 #1026]  INFO -- : Syncing vendor/plugins/awesome_email/lib/awesome_email.rb modified at Tue Aug 18 20:35:28 +0200 2009
I, [2009-08-18T20:35:47.289016 #1026]  INFO -- : Syncing vendor/plugins/awesome_email/install.rb modified at Tue Aug 18 20:35:28 +0200 2009
I, [2009-08-18T20:35:47.294791 #1026]  INFO -- : Syncing vendor/plugins/awesome_email/init.rb modified at Tue Aug 18 20:35:28 +0200 2009
I, [2009-08-18T20:35:47.299373 #1026]  INFO -- : Syncing vendor/javascripts modified at Tue Aug 18 20:35:28 +0200 2009
I, [2009-08-18T20:35:47.303290 #1026]  INFO -- : Syncing vendor/javascripts/jrails.js modified at Tue Aug 18 20:35:28 +0200 2009
I, [2009-08-18T20:35:47.317589 #1026]  INFO -- : Syncing vendor/javascripts/jquery.validate.js modified at Tue Aug 18 20:35:28 +0200 2009
I, [2009-08-18T20:35:48.509675 #1026]  INFO -- : Syncing vendor/javascripts/jquery.tools.js modified at Tue Aug 18 20:35:28 +0200 2009
I, [2009-08-18T20:35:48.804215 #1026]  INFO -- : Syncing vendor/javascripts/jquery.livequery.js modified at Tue Aug 18 20:35:28 +0200 2009
I, [2009-08-18T20:35:48.850806 #1026]  INFO -- : Syncing vendor/javascripts/jquery.js modified at Tue Aug 18 20:35:28 +0200 2009
I, [2009-08-18T20:35:49.471850 #1026]  INFO -- : Syncing vendor/javascripts/jquery-ui.js modified at Tue Aug 18 20:35:28 +0200 2009
I, [2009-08-18T20:35:52.135087 #1026]  INFO -- : Syncing vendor/javascripts/jform modified at Tue Aug 18 20:35:28 +0200 2009
I, [2009-08-18T20:35:52.139052 #1026]  INFO -- : Syncing vendor/javascripts/jform/jquery.input_hint.js modified at Tue Aug 18 20:35:28 +0200 2009
I, [2009-08-18T20:35:52.157368 #1026]  INFO -- : Syncing vendor/javascripts/jform/jquery.autogrow.js modified at Tue Aug 18 20:35:28 +0200 2009
I, [2009-08-18T20:35:52.175537 #1026]  INFO -- : Syncing vendor/javascripts/jform/jquery.autofocus.js modified at Tue Aug 18 20:35:28 +0200 2009
I, [2009-08-18T20:35:52.183828 #1026]  INFO -- : Syncing vendor/.DS_Store modified at Tue Aug 18 20:35:28 +0200 2009
I, [2009-08-18T20:35:52.198632 #1026]  INFO -- : Syncing TODO.textile modified at Tue Aug 18 20:35:28 +0200 2009
I, [2009-08-18T20:35:52.215758 #1026]  INFO -- : Syncing test modified at Tue Aug 18 20:35:28 +0200 2009
I, [2009-08-18T20:35:52.219889 #1026]  INFO -- : Syncing test/unit modified at Tue Aug 18 20:35:28 +0200 2009
I, [2009-08-18T20:35:52.224278 #1026]  INFO -- : Syncing test/unit/role_test.rb modified at Tue Aug 18 20:35:28 +0200 2009
I, [2009-08-18T20:35:52.231210 #1026]  INFO -- : Syncing test/unit/helpers modified at Tue Aug 18 20:35:28 +0200 2009
I, [2009-08-18T20:35:52.235164 #1026]  INFO -- : Syncing test/unit/account_test.rb modified at Tue Aug 18 20:35:28 +0200 2009
I, [2009-08-18T20:35:52.252102 #1026]  INFO -- : Syncing test/test_helper.rb modified at Tue Aug 18 20:35:28 +0200 2009
I, [2009-08-18T20:35:52.258033 #1026]  INFO -- : Syncing test/shoulda_macros modified at Tue Aug 18 20:35:28 +0200 2009
I, [2009-08-18T20:35:52.261851 #1026]  INFO -- : Syncing test/shoulda_macros/will_paginate_macros.rb modified at Tue Aug 18 20:35:28 +0200 2009
I, [2009-08-18T20:35:52.286323 #1026]  INFO -- : Syncing test/shoulda_macros/w3c_validation_macros.rb modified at Tue Aug 18 20:35:28 +0200 2009
I, [2009-08-18T20:35:52.311154 #1026]  INFO -- : Syncing test/shoulda_macros/nested_attributes_macros.rb modified at Tue Aug 18 20:35:28 +0200 2009
I, [2009-08-18T20:35:52.331503 #1026]  INFO -- : Syncing test/shoulda_macros/authorization_macros.rb modified at Tue Aug 18 20:35:28 +0200 2009
I, [2009-08-18T20:35:52.343894 #1026]  INFO -- : Syncing test/shoulda_macros/authentication_macros.rb modified at Tue Aug 18 20:35:28 +0200 2009
I, [2009-08-18T20:35:52.355912 #1026]  INFO -- : Syncing test/performance modified at Tue Aug 18 20:35:28 +0200 2009
I, [2009-08-18T20:35:52.359636 #1026]  INFO -- : Syncing test/performance/browsing_test.rb modified at Tue Aug 18 20:35:28 +0200 2009
I, [2009-08-18T20:35:52.380419 #1026]  INFO -- : Syncing test/integration modified at Tue Aug 18 20:35:28 +0200 2009
I, [2009-08-18T20:35:52.384386 #1026]  INFO -- : Syncing test/functional modified at Tue Aug 18 20:35:28 +0200 2009
I, [2009-08-18T20:35:52.433907 #1026]  INFO -- : Syncing test/functional/accounts_controller_test.rb modified at Tue Aug 18 20:35:28 +0200 2009
I, [2009-08-18T20:35:52.446252 #1026]  INFO -- : Syncing test/fixtures modified at Tue Aug 18 20:35:28 +0200 2009
I, [2009-08-18T20:35:52.450248 #1026]  INFO -- : Syncing test/fixtures/roles.yml modified at Tue Aug 18 20:35:28 +0200 2009
I, [2009-08-18T20:35:52.473413 #1026]  INFO -- : Syncing test/blueprints.rb modified at Tue Aug 18 20:35:28 +0200 2009
I, [2009-08-18T20:35:52.479715 #1026]  INFO -- : Syncing test/blueprints modified at Tue Aug 18 20:35:28 +0200 2009
I, [2009-08-18T20:35:52.483490 #1026]  INFO -- : Syncing test/blueprints/accounts.rb modified at Tue Aug 18 20:35:28 +0200 2009
I, [2009-08-18T20:35:52.488960 #1026]  INFO -- : Syncing spec modified at Tue Aug 18 20:35:28 +0200 2009
I, [2009-08-18T20:35:52.492894 #1026]  INFO -- : Syncing spec/spec_helper.rb modified at Tue Aug 18 20:35:28 +0200 2009
I, [2009-08-18T20:35:52.499883 #1026]  INFO -- : Syncing spec/spec.opts modified at Tue Aug 18 20:35:28 +0200 2009
I, [2009-08-18T20:35:52.504486 #1026]  INFO -- : Syncing spec/rcov.opts modified at Tue Aug 18 20:35:28 +0200 2009
I, [2009-08-18T20:35:52.519821 #1026]  INFO -- : Syncing spec/models modified at Tue Aug 18 20:35:28 +0200 2009
I, [2009-08-18T20:35:52.523961 #1026]  INFO -- : Syncing spec/models/account_spec.rb modified at Tue Aug 18 20:35:28 +0200 2009
I, [2009-08-18T20:35:52.529705 #1026]  INFO -- : Syncing script modified at Tue Aug 18 20:35:28 +0200 2009
I, [2009-08-18T20:35:52.533792 #1026]  INFO -- : Syncing script/update modified at Tue Aug 18 20:35:28 +0200 2009
I, [2009-08-18T20:35:52.551264 #1026]  INFO -- : Syncing script/submodule modified at Tue Aug 18 20:35:28 +0200 2009
I, [2009-08-18T20:35:52.568456 #1026]  INFO -- : Syncing script/spec_server modified at Tue Aug 18 20:35:28 +0200 2009
I, [2009-08-18T20:35:52.573834 #1026]  INFO -- : Syncing script/spec modified at Tue Aug 18 20:35:28 +0200 2009
I, [2009-08-18T20:35:52.578569 #1026]  INFO -- : Syncing script/server modified at Tue Aug 18 20:35:28 +0200 2009
I, [2009-08-18T20:35:52.601159 #1026]  INFO -- : Syncing script/runner modified at Tue Aug 18 20:35:28 +0200 2009
I, [2009-08-18T20:35:52.607889 #1026]  INFO -- : Syncing script/plugin modified at Tue Aug 18 20:35:28 +0200 2009
I, [2009-08-18T20:35:52.614229 #1026]  INFO -- : Syncing script/performance modified at Tue Aug 18 20:35:28 +0200 2009
I, [2009-08-18T20:35:52.659705 #1026]  INFO -- : Syncing script/performance/profiler modified at Tue Aug 18 20:35:28 +0200 2009
I, [2009-08-18T20:35:52.667626 #1026]  INFO -- : Syncing script/performance/benchmarker modified at Tue Aug 18 20:35:28 +0200 2009
I, [2009-08-18T20:35:52.673051 #1026]  INFO -- : Syncing script/generate modified at Tue Aug 18 20:35:28 +0200 2009
I, [2009-08-18T20:35:52.678108 #1026]  INFO -- : Syncing script/destroy modified at Tue Aug 18 20:35:28 +0200 2009
I, [2009-08-18T20:35:52.683213 #1026]  INFO -- : Syncing script/dbconsole modified at Tue Aug 18 20:35:28 +0200 2009
I, [2009-08-18T20:35:52.692789 #1026]  INFO -- : Syncing script/cucumber modified at Tue Aug 18 20:35:28 +0200 2009
I, [2009-08-18T20:35:52.716796 #1026]  INFO -- : Syncing script/console modified at Tue Aug 18 20:35:28 +0200 2009
I, [2009-08-18T20:35:52.721949 #1026]  INFO -- : Syncing script/autospec modified at Tue Aug 18 20:35:28 +0200 2009
I, [2009-08-18T20:35:52.727188 #1026]  INFO -- : Syncing script/about modified at Tue Aug 18 20:35:28 +0200 2009
I, [2009-08-18T20:35:52.731908 #1026]  INFO -- : Syncing README modified at Tue Aug 18 20:35:28 +0200 2009
I, [2009-08-18T20:35:52.751997 #1026]  INFO -- : Syncing Rakefile modified at Tue Aug 18 20:35:28 +0200 2009
I, [2009-08-18T20:35:52.758233 #1026]  INFO -- : Syncing public modified at Tue Aug 18 20:35:28 +0200 2009
I, [2009-08-18T20:35:52.766779 #1026]  INFO -- : Syncing public/stylesheets modified at Tue Aug 18 20:35:28 +0200 2009
I, [2009-08-18T20:35:52.770589 #1026]  INFO -- : Syncing public/stylesheets/screen.css modified at Tue Aug 18 20:35:28 +0200 2009
I, [2009-08-18T20:35:53.002386 #1026]  INFO -- : Syncing public/stylesheets/print.css modified at Tue Aug 18 20:35:28 +0200 2009
I, [2009-08-18T20:35:53.034638 #1026]  INFO -- : Syncing public/stylesheets/ie.css modified at Tue Aug 18 20:35:28 +0200 2009
I, [2009-08-18T20:35:53.050322 #1026]  INFO -- : Syncing public/stylesheets/debug.css modified at Tue Aug 18 20:35:28 +0200 2009
I, [2009-08-18T20:35:53.071813 #1026]  INFO -- : Syncing public/stylesheets/.DS_Store modified at Tue Aug 18 20:35:28 +0200 2009
I, [2009-08-18T20:35:53.096564 #1026]  INFO -- : Syncing public/sprockets.js modified at Tue Aug 18 20:35:28 +0200 2009
I, [2009-08-18T20:35:56.552286 #1026]  INFO -- : Syncing public/robots.txt modified at Tue Aug 18 20:35:28 +0200 2009
I, [2009-08-18T20:35:56.573701 #1026]  INFO -- : Syncing public/javascripts modified at Tue Aug 18 20:35:28 +0200 2009
I, [2009-08-18T20:35:56.577654 #1026]  INFO -- : Syncing public/images modified at Tue Aug 18 20:35:28 +0200 2009
I, [2009-08-18T20:35:56.581641 #1026]  INFO -- : Syncing public/images/spinner.gif modified at Tue Aug 18 20:35:28 +0200 2009
I, [2009-08-18T20:35:56.592239 #1026]  INFO -- : Syncing public/images/rails.png modified at Tue Aug 18 20:35:28 +0200 2009
I, [2009-08-18T20:35:56.597665 #1026]  INFO -- : Syncing public/images/grid.png modified at Tue Aug 18 20:35:28 +0200 2009
I, [2009-08-18T20:35:56.622397 #1026]  INFO -- : Syncing public/favicon.ico modified at Tue Aug 18 20:35:28 +0200 2009
I, [2009-08-18T20:35:56.643583 #1026]  INFO -- : Syncing public/assets modified at Tue Aug 18 20:35:28 +0200 2009
I, [2009-08-18T20:35:56.648228 #1026]  INFO -- : Syncing public/500.html modified at Tue Aug 18 20:35:28 +0200 2009
I, [2009-08-18T20:35:56.673804 #1026]  INFO -- : Syncing public/422.html modified at Tue Aug 18 20:35:28 +0200 2009
I, [2009-08-18T20:35:56.697040 #1026]  INFO -- : Syncing public/404.html modified at Tue Aug 18 20:35:28 +0200 2009
I, [2009-08-18T20:35:56.702140 #1026]  INFO -- : Syncing public/.DS_Store modified at Tue Aug 18 20:35:28 +0200 2009
I, [2009-08-18T20:35:56.721243 #1026]  INFO -- : Syncing lib modified at Tue Aug 18 20:35:28 +0200 2009
I, [2009-08-18T20:35:56.725117 #1026]  INFO -- : Syncing lib/tasks modified at Tue Aug 18 20:35:28 +0200 2009
I, [2009-08-18T20:35:56.728853 #1026]  INFO -- : Syncing lib/tasks/rspec.rake modified at Tue Aug 18 20:35:28 +0200 2009
I, [2009-08-18T20:35:56.735809 #1026]  INFO -- : Syncing lib/tasks/friendly_id.rake modified at Tue Aug 18 20:35:28 +0200 2009
I, [2009-08-18T20:35:56.740409 #1026]  INFO -- : Syncing lib/tasks/diagrams.rake modified at Tue Aug 18 20:35:28 +0200 2009
I, [2009-08-18T20:35:56.745179 #1026]  INFO -- : Syncing lib/tasks/devver.rake modified at Tue Aug 18 20:35:28 +0200 2009
I, [2009-08-18T20:35:56.749765 #1026]  INFO -- : Syncing lib/tasks/cucumber.rake modified at Tue Aug 18 20:35:28 +0200 2009
I, [2009-08-18T20:35:56.807655 #1026]  INFO -- : Syncing lib/tasks/bootstrap.rake modified at Tue Aug 18 20:35:28 +0200 2009
I, [2009-08-18T20:35:56.813433 #1026]  INFO -- : Syncing lib/tasks/app.rake modified at Tue Aug 18 20:35:28 +0200 2009
I, [2009-08-18T20:35:56.818235 #1026]  INFO -- : Syncing lib/sprockets modified at Tue Aug 18 20:35:28 +0200 2009
I, [2009-08-18T20:35:56.822366 #1026]  INFO -- : Syncing lib/sprockets/concatenation.rb modified at Tue Aug 18 20:35:29 +0200 2009
I, [2009-08-18T20:35:56.826964 #1026]  INFO -- : Syncing lib/recipes modified at Tue Aug 18 20:35:29 +0200 2009
I, [2009-08-18T20:35:56.830886 #1026]  INFO -- : Syncing lib/recipes/vhost.rb modified at Tue Aug 18 20:35:29 +0200 2009
I, [2009-08-18T20:35:56.852034 #1026]  INFO -- : Syncing lib/recipes/sitemap.rb modified at Tue Aug 18 20:35:29 +0200 2009
I, [2009-08-18T20:35:56.869344 #1026]  INFO -- : Syncing lib/recipes/deploy.rb modified at Tue Aug 18 20:35:29 +0200 2009
I, [2009-08-18T20:35:56.891817 #1026]  INFO -- : Syncing lib/recipes/database_template.rb modified at Tue Aug 18 20:35:29 +0200 2009
I, [2009-08-18T20:35:56.911485 #1026]  INFO -- : Syncing lib/recipes/crontab.rb modified at Tue Aug 18 20:35:29 +0200 2009
I, [2009-08-18T20:35:56.933901 #1026]  INFO -- : Syncing lib/recipes/config.rb modified at Tue Aug 18 20:35:29 +0200 2009
I, [2009-08-18T20:35:56.940107 #1026]  INFO -- : Syncing lib/recipes/cache.rb modified at Tue Aug 18 20:35:29 +0200 2009
I, [2009-08-18T20:35:56.947230 #1026]  INFO -- : Syncing lib/recipes/assets.rb modified at Tue Aug 18 20:35:29 +0200 2009
I, [2009-08-18T20:35:56.954649 #1026]  INFO -- : Syncing lib/rails.rb modified at Tue Aug 18 20:35:29 +0200 2009
I, [2009-08-18T20:35:56.959362 #1026]  INFO -- : Syncing lib/middleware modified at Tue Aug 18 20:35:29 +0200 2009
I, [2009-08-18T20:35:56.963329 #1026]  INFO -- : Syncing lib/middleware/custom_domain.rb modified at Tue Aug 18 20:35:29 +0200 2009
I, [2009-08-18T20:35:56.978837 #1026]  INFO -- : Syncing lib/machinist modified at Tue Aug 18 20:35:29 +0200 2009
I, [2009-08-18T20:35:56.986675 #1026]  INFO -- : Syncing lib/machinist/make_unvalidated.rb modified at Tue Aug 18 20:35:29 +0200 2009
I, [2009-08-18T20:35:56.991551 #1026]  INFO -- : Syncing lib/forgery modified at Tue Aug 18 20:35:29 +0200 2009
I, [2009-08-18T20:35:57.035210 #1026]  INFO -- : Syncing lib/forgery/formats modified at Tue Aug 18 20:35:29 +0200 2009
I, [2009-08-18T20:35:57.039392 #1026]  INFO -- : Syncing lib/forgery/forgeries modified at Tue Aug 18 20:35:29 +0200 2009
I, [2009-08-18T20:35:57.043331 #1026]  INFO -- : Syncing lib/forgery/extensions modified at Tue Aug 18 20:35:29 +0200 2009
I, [2009-08-18T20:35:57.047382 #1026]  INFO -- : Syncing lib/forgery/dictionaries modified at Tue Aug 18 20:35:29 +0200 2009
I, [2009-08-18T20:35:57.051330 #1026]  INFO -- : Syncing lib/core_ext modified at Tue Aug 18 20:35:29 +0200 2009
I, [2009-08-18T20:35:57.055409 #1026]  INFO -- : Syncing lib/core_ext/string.rb modified at Tue Aug 18 20:35:29 +0200 2009
I, [2009-08-18T20:35:57.060226 #1026]  INFO -- : Syncing lib/core_ext/active_record.rb modified at Tue Aug 18 20:35:29 +0200 2009
I, [2009-08-18T20:35:57.078724 #1026]  INFO -- : Syncing lib/auth_helpers modified at Tue Aug 18 20:35:29 +0200 2009
I, [2009-08-18T20:35:57.082718 #1026]  INFO -- : Syncing lib/auth_helpers/updatable.rb modified at Tue Aug 18 20:35:29 +0200 2009
I, [2009-08-18T20:35:57.087731 #1026]  INFO -- : Syncing lib/app.rb modified at Tue Aug 18 20:35:29 +0200 2009
I, [2009-08-18T20:35:57.092174 #1026]  INFO -- : Syncing features modified at Tue Aug 18 20:35:29 +0200 2009
I, [2009-08-18T20:35:57.098001 #1026]  INFO -- : Syncing features/support modified at Tue Aug 18 20:35:29 +0200 2009
I, [2009-08-18T20:35:57.102252 #1026]  INFO -- : Syncing features/support/paths.rb modified at Tue Aug 18 20:35:29 +0200 2009
I, [2009-08-18T20:35:57.107291 #1026]  INFO -- : Syncing features/support/env.rb modified at Tue Aug 18 20:35:29 +0200 2009
I, [2009-08-18T20:35:57.112255 #1026]  INFO -- : Syncing features/step_definitions modified at Tue Aug 18 20:35:29 +0200 2009
I, [2009-08-18T20:35:57.117451 #1026]  INFO -- : Syncing features/step_definitions/webrat_steps.rb modified at Tue Aug 18 20:35:29 +0200 2009
I, [2009-08-18T20:35:57.122569 #1026]  INFO -- : Syncing features/step_definitions/rails_steps.rb modified at Tue Aug 18 20:35:29 +0200 2009
I, [2009-08-18T20:35:57.127549 #1026]  INFO -- : Syncing features/step_definitions/email_steps.rb modified at Tue Aug 18 20:35:29 +0200 2009
I, [2009-08-18T20:35:57.132466 #1026]  INFO -- : Syncing features/step_definitions/custom_email_steps.rb modified at Tue Aug 18 20:35:29 +0200 2009
I, [2009-08-18T20:35:57.137410 #1026]  INFO -- : Syncing features/Resources.textile modified at Tue Aug 18 20:35:29 +0200 2009
I, [2009-08-18T20:35:57.199259 #1026]  INFO -- : Syncing features/accounts modified at Tue Aug 18 20:35:29 +0200 2009
I, [2009-08-18T20:35:57.203977 #1026]  INFO -- : Syncing features/accounts/step_definitions modified at Tue Aug 18 20:35:29 +0200 2009
I, [2009-08-18T20:35:57.208416 #1026]  INFO -- : Syncing features/accounts/step_definitions/registration_steps.rb modified at Tue Aug 18 20:35:29 +0200 2009
I, [2009-08-18T20:35:57.215837 #1026]  INFO -- : Syncing features/accounts/step_definitions/password_reset_steps.rb modified at Tue Aug 18 20:35:29 +0200 2009
I, [2009-08-18T20:35:57.220453 #1026]  INFO -- : Syncing features/accounts/step_definitions/authentication_steps.rb modified at Tue Aug 18 20:35:29 +0200 2009
I, [2009-08-18T20:35:57.225386 #1026]  INFO -- : Syncing features/accounts/registration.feature modified at Tue Aug 18 20:35:29 +0200 2009
I, [2009-08-18T20:35:57.242119 #1026]  INFO -- : Syncing features/accounts/password_reset.feature modified at Tue Aug 18 20:35:29 +0200 2009
I, [2009-08-18T20:35:57.247524 #1026]  INFO -- : Syncing features/accounts/authentication.feature modified at Tue Aug 18 20:35:29 +0200 2009
I, [2009-08-18T20:35:57.254612 #1026]  INFO -- : Syncing devver.rake modified at Tue Aug 18 20:35:29 +0200 2009
I, [2009-08-18T20:35:57.259455 #1026]  INFO -- : Syncing db modified at Tue Aug 18 20:35:29 +0200 2009
I, [2009-08-18T20:35:57.263235 #1026]  INFO -- : Syncing db/test.sqlite3 modified at Tue Aug 18 20:35:29 +0200 2009
I, [2009-08-18T20:35:58.054965 #1026]  INFO -- : Syncing db/schema.rb modified at Tue Aug 18 20:35:29 +0200 2009
I, [2009-08-18T20:35:58.060281 #1026]  INFO -- : Syncing db/production.sqlite3 modified at Tue Aug 18 20:35:29 +0200 2009
I, [2009-08-18T20:35:58.082012 #1026]  INFO -- : Syncing db/populate modified at Tue Aug 18 20:35:29 +0200 2009
I, [2009-08-18T20:35:58.086254 #1026]  INFO -- : Syncing db/populate/test modified at Tue Aug 18 20:35:29 +0200 2009
I, [2009-08-18T20:35:58.097265 #1026]  INFO -- : Syncing db/populate/staging modified at Tue Aug 18 20:35:29 +0200 2009
I, [2009-08-18T20:35:58.101353 #1026]  INFO -- : Syncing db/populate/production modified at Tue Aug 18 20:35:29 +0200 2009
I, [2009-08-18T20:35:58.105465 #1026]  INFO -- : Syncing db/populate/development modified at Tue Aug 18 20:35:29 +0200 2009
I, [2009-08-18T20:35:58.109495 #1026]  INFO -- : Syncing db/migrate modified at Tue Aug 18 20:35:29 +0200 2009
I, [2009-08-18T20:35:58.113296 #1026]  INFO -- : Syncing db/migrate/20090815191327_create_roles.rb modified at Tue Aug 18 20:35:29 +0200 2009
I, [2009-08-18T20:35:58.130363 #1026]  INFO -- : Syncing db/migrate/20090716204140_create_slugs.rb modified at Tue Aug 18 20:35:29 +0200 2009
I, [2009-08-18T20:35:58.149821 #1026]  INFO -- : Syncing db/migrate/20090528235555_create_sessions.rb modified at Tue Aug 18 20:35:29 +0200 2009
I, [2009-08-18T20:35:58.175625 #1026]  INFO -- : Syncing db/migrate/20090527035452_create_accounts.rb modified at Tue Aug 18 20:35:29 +0200 2009
I, [2009-08-18T20:35:58.195848 #1026]  INFO -- : Syncing db/development.sqlite3 modified at Tue Aug 18 20:35:29 +0200 2009
I, [2009-08-18T20:35:59.390633 #1026]  INFO -- : Syncing db/bootstrap.rb modified at Tue Aug 18 20:35:29 +0200 2009
I, [2009-08-18T20:35:59.395870 #1026]  INFO -- : Syncing cucumber.yml modified at Tue Aug 18 20:35:29 +0200 2009
I, [2009-08-18T20:35:59.400395 #1026]  INFO -- : Syncing config modified at Tue Aug 18 20:35:29 +0200 2009
I, [2009-08-18T20:35:59.404381 #1026]  INFO -- : Syncing config/sprockets.yml modified at Tue Aug 18 20:35:29 +0200 2009
I, [2009-08-18T20:35:59.420444 #1026]  INFO -- : Syncing config/sitemap.rb modified at Tue Aug 18 20:35:29 +0200 2009
I, [2009-08-18T20:35:59.438580 #1026]  INFO -- : Syncing config/schedule.rb modified at Tue Aug 18 20:35:29 +0200 2009
I, [2009-08-18T20:35:59.459639 #1026]  INFO -- : Syncing config/routes.rb modified at Tue Aug 18 20:35:29 +0200 2009
I, [2009-08-18T20:35:59.468890 #1026]  INFO -- : Syncing config/locales modified at Tue Aug 18 20:35:29 +0200 2009
I, [2009-08-18T20:35:59.473373 #1026]  INFO -- : Syncing config/locales/en.yml modified at Tue Aug 18 20:35:29 +0200 2009
I, [2009-08-18T20:35:59.480970 #1026]  INFO -- : Syncing config/initializers modified at Tue Aug 18 20:35:29 +0200 2009
I, [2009-08-18T20:35:59.485328 #1026]  INFO -- : Syncing config/initializers/subdomains.rb modified at Tue Aug 18 20:35:29 +0200 2009
I, [2009-08-18T20:35:59.490477 #1026]  INFO -- : Syncing config/initializers/session_store.rb modified at Tue Aug 18 20:35:29 +0200 2009
I, [2009-08-18T20:35:59.495137 #1026]  INFO -- : Syncing config/initializers/preinitializer.rb modified at Tue Aug 18 20:35:29 +0200 2009
I, [2009-08-18T20:35:59.500049 #1026]  INFO -- : Syncing config/initializers/new_rails_defaults.rb modified at Tue Aug 18 20:35:29 +0200 2009
I, [2009-08-18T20:35:59.504836 #1026]  INFO -- : Syncing config/initializers/mime_types.rb modified at Tue Aug 18 20:35:29 +0200 2009
I, [2009-08-18T20:35:59.515014 #1026]  INFO -- : Syncing config/initializers/inflections.rb modified at Tue Aug 18 20:35:29 +0200 2009
I, [2009-08-18T20:35:59.561259 #1026]  INFO -- : Syncing config/initializers/i18n.rb modified at Tue Aug 18 20:35:29 +0200 2009
I, [2009-08-18T20:35:59.567421 #1026]  INFO -- : Syncing config/initializers/extensions modified at Tue Aug 18 20:35:29 +0200 2009
I, [2009-08-18T20:35:59.571711 #1026]  INFO -- : Syncing config/initializers/extensions/subdomain_fu.rb modified at Tue Aug 18 20:35:29 +0200 2009
I, [2009-08-18T20:35:59.576417 #1026]  INFO -- : Syncing config/initializers/extensions/sanitize_email.rb modified at Tue Aug 18 20:35:29 +0200 2009
I, [2009-08-18T20:35:59.581407 #1026]  INFO -- : Syncing config/initializers/extensions/rack_noie6.rb modified at Tue Aug 18 20:35:29 +0200 2009
I, [2009-08-18T20:35:59.587267 #1026]  INFO -- : Syncing config/initializers/extensions/rack_bug.rb modified at Tue Aug 18 20:35:29 +0200 2009
I, [2009-08-18T20:35:59.592107 #1026]  INFO -- : Syncing config/initializers/extensions/hoptoad_notifier.rb modified at Tue Aug 18 20:35:29 +0200 2009
I, [2009-08-18T20:35:59.596922 #1026]  INFO -- : Syncing config/initializers/extensions/hirb.rb modified at Tue Aug 18 20:35:29 +0200 2009
I, [2009-08-18T20:35:59.601919 #1026]  INFO -- : Syncing config/initializers/extensions/google_analytics.rb modified at Tue Aug 18 20:35:29 +0200 2009
I, [2009-08-18T20:35:59.607186 #1026]  INFO -- : Syncing config/initializers/extensions/formtastic.rb modified at Tue Aug 18 20:35:29 +0200 2009
I, [2009-08-18T20:35:59.615879 #1026]  INFO -- : Syncing config/initializers/extensions/compass.rb modified at Tue Aug 18 20:35:29 +0200 2009
I, [2009-08-18T20:35:59.622358 #1026]  INFO -- : Syncing config/initializers/extensions/auth_helpers.rb modified at Tue Aug 18 20:35:29 +0200 2009
I, [2009-08-18T20:35:59.633326 #1026]  INFO -- : Syncing config/initializers/backtrace_silencers.rb modified at Tue Aug 18 20:35:29 +0200 2009
I, [2009-08-18T20:35:59.638373 #1026]  INFO -- : Syncing config/initializers/action_mailer.rb modified at Tue Aug 18 20:35:29 +0200 2009
I, [2009-08-18T20:35:59.643195 #1026]  INFO -- : Syncing config/initializers/_require.rb modified at Tue Aug 18 20:35:29 +0200 2009
I, [2009-08-18T20:35:59.694829 #1026]  INFO -- : Syncing config/environments modified at Tue Aug 18 20:35:29 +0200 2009
I, [2009-08-18T20:35:59.699503 #1026]  INFO -- : Syncing config/environments/test.rb modified at Tue Aug 18 20:35:29 +0200 2009
I, [2009-08-18T20:35:59.706170 #1026]  INFO -- : Syncing config/environments/staging.rb modified at Tue Aug 18 20:35:29 +0200 2009
I, [2009-08-18T20:35:59.724879 #1026]  INFO -- : Syncing config/environments/production.rb modified at Tue Aug 18 20:35:29 +0200 2009
I, [2009-08-18T20:35:59.736563 #1026]  INFO -- : Syncing config/environments/development.rb modified at Tue Aug 18 20:35:29 +0200 2009
I, [2009-08-18T20:35:59.741216 #1026]  INFO -- : Syncing config/environments/cucumber.rb modified at Tue Aug 18 20:35:29 +0200 2009
I, [2009-08-18T20:35:59.749417 #1026]  INFO -- : Syncing config/environment.rb modified at Tue Aug 18 20:35:29 +0200 2009
I, [2009-08-18T20:35:59.755129 #1026]  INFO -- : Syncing config/deploy.rb modified at Tue Aug 18 20:35:29 +0200 2009
I, [2009-08-18T20:35:59.779695 #1026]  INFO -- : Syncing config/deploy modified at Tue Aug 18 20:35:29 +0200 2009
I, [2009-08-18T20:35:59.783691 #1026]  INFO -- : Syncing config/deploy/templates modified at Tue Aug 18 20:35:29 +0200 2009
I, [2009-08-18T20:35:59.789121 #1026]  INFO -- : Syncing config/deploy/templates/vhost_nginx_passenger.conf.erb modified at Tue Aug 18 20:35:29 +0200 2009
I, [2009-08-18T20:35:59.806186 #1026]  INFO -- : Syncing config/deploy/templates/vhost_nginx_non_passenger.conf.erb modified at Tue Aug 18 20:35:29 +0200 2009
I, [2009-08-18T20:35:59.827726 #1026]  INFO -- : Syncing config/deploy/templates/nginx.conf.erb modified at Tue Aug 18 20:35:29 +0200 2009
I, [2009-08-18T20:35:59.832855 #1026]  INFO -- : Syncing config/deploy/templates/database.yml.erb modified at Tue Aug 18 20:35:29 +0200 2009
I, [2009-08-18T20:35:59.853855 #1026]  INFO -- : Syncing config/deploy/staging.rb modified at Tue Aug 18 20:35:29 +0200 2009
I, [2009-08-18T20:35:59.868631 #1026]  INFO -- : Syncing config/deploy/production.rb modified at Tue Aug 18 20:35:29 +0200 2009
I, [2009-08-18T20:35:59.913874 #1026]  INFO -- : Syncing config/database.yml modified at Tue Aug 18 20:35:29 +0200 2009
I, [2009-08-18T20:35:59.919604 #1026]  INFO -- : Syncing config/boot.rb modified at Tue Aug 18 20:35:29 +0200 2009
I, [2009-08-18T20:35:59.924708 #1026]  INFO -- : Syncing config/authorization_rules.rb modified at Tue Aug 18 20:35:29 +0200 2009
I, [2009-08-18T20:35:59.948794 #1026]  INFO -- : Syncing config/application.yml modified at Tue Aug 18 20:35:29 +0200 2009
I, [2009-08-18T20:35:59.953832 #1026]  INFO -- : Syncing config/.proxy.pac modified at Tue Aug 18 20:35:29 +0200 2009
I, [2009-08-18T20:35:59.968013 #1026]  INFO -- : Syncing Capfile modified at Tue Aug 18 20:35:29 +0200 2009
I, [2009-08-18T20:35:59.987755 #1026]  INFO -- : Syncing app modified at Tue Aug 18 20:35:29 +0200 2009
I, [2009-08-18T20:35:59.991930 #1026]  INFO -- : Syncing app/views modified at Tue Aug 18 20:35:29 +0200 2009
I, [2009-08-18T20:35:59.995786 #1026]  INFO -- : Syncing app/views/shared modified at Tue Aug 18 20:35:29 +0200 2009
I, [2009-08-18T20:36:00.000158 #1026]  INFO -- : Syncing app/views/shared/_site_footer.html.haml modified at Tue Aug 18 20:35:29 +0200 2009
I, [2009-08-18T20:36:00.005427 #1026]  INFO -- : Syncing app/views/shared/_page_notice.html.haml modified at Tue Aug 18 20:35:29 +0200 2009
I, [2009-08-18T20:36:00.010626 #1026]  INFO -- : Syncing app/views/shared/_page_flash.html.haml modified at Tue Aug 18 20:35:29 +0200 2009
I, [2009-08-18T20:36:00.017234 #1026]  INFO -- : Syncing app/views/layouts modified at Tue Aug 18 20:35:29 +0200 2009
I, [2009-08-18T20:36:00.022752 #1026]  INFO -- : Syncing app/views/layouts/email.html.haml modified at Tue Aug 18 20:35:29 +0200 2009
I, [2009-08-18T20:36:00.027431 #1026]  INFO -- : Syncing app/views/layouts/application.html.haml modified at Tue Aug 18 20:35:29 +0200 2009
I, [2009-08-18T20:36:00.035984 #1026]  INFO -- : Syncing app/views/home modified at Tue Aug 18 20:35:29 +0200 2009
I, [2009-08-18T20:36:00.078950 #1026]  INFO -- : Syncing app/views/home/terms.html.haml modified at Tue Aug 18 20:35:29 +0200 2009
I, [2009-08-18T20:36:00.084504 #1026]  INFO -- : Syncing app/views/home/privacy.html.haml modified at Tue Aug 18 20:35:29 +0200 2009
I, [2009-08-18T20:36:00.092277 #1026]  INFO -- : Syncing app/views/home/index.html.haml modified at Tue Aug 18 20:35:29 +0200 2009
I, [2009-08-18T20:36:00.097215 #1026]  INFO -- : Syncing app/views/home/faq.html.haml modified at Tue Aug 18 20:35:29 +0200 2009
I, [2009-08-18T20:36:00.102463 #1026]  INFO -- : Syncing app/views/home/about.html.haml modified at Tue Aug 18 20:35:29 +0200 2009
I, [2009-08-18T20:36:00.107462 #1026]  INFO -- : Syncing app/views/help modified at Tue Aug 18 20:35:29 +0200 2009
I, [2009-08-18T20:36:00.111641 #1026]  INFO -- : Syncing app/views/help/contacts modified at Tue Aug 18 20:35:29 +0200 2009
I, [2009-08-18T20:36:00.115504 #1026]  INFO -- : Syncing app/views/help/contacts/new.html.haml modified at Tue Aug 18 20:35:29 +0200 2009
I, [2009-08-18T20:36:00.169844 #1026]  INFO -- : Syncing app/views/auth_helpers modified at Tue Aug 18 20:35:29 +0200 2009
I, [2009-08-18T20:36:00.174043 #1026]  INFO -- : Syncing app/views/auth_helpers/notifier modified at Tue Aug 18 20:35:29 +0200 2009
I, [2009-08-18T20:36:00.177936 #1026]  INFO -- : Syncing app/views/auth_helpers/notifier/update_confirmation.html.haml modified at Tue Aug 18 20:35:29 +0200 2009
I, [2009-08-18T20:36:00.184387 #1026]  INFO -- : Syncing app/views/auth_helpers/notifier/reset_password.html.haml modified at Tue Aug 18 20:35:29 +0200 2009
I, [2009-08-18T20:36:00.189648 #1026]  INFO -- : Syncing app/views/auth_helpers/notifier/resend_confirmation.html.haml modified at Tue Aug 18 20:35:29 +0200 2009
I, [2009-08-18T20:36:00.196106 #1026]  INFO -- : Syncing app/views/auth_helpers/notifier/create_confirmation.html.haml modified at Tue Aug 18 20:35:29 +0200 2009
I, [2009-08-18T20:36:00.201232 #1026]  INFO -- : Syncing app/views/accounts modified at Tue Aug 18 20:35:29 +0200 2009
I, [2009-08-18T20:36:00.209017 #1026]  INFO -- : Syncing app/views/accounts/show.html.haml modified at Tue Aug 18 20:35:29 +0200 2009
I, [2009-08-18T20:36:00.250217 #1026]  INFO -- : Syncing app/views/accounts/sessions modified at Tue Aug 18 20:35:29 +0200 2009
I, [2009-08-18T20:36:00.254740 #1026]  INFO -- : Syncing app/views/accounts/sessions/new.html.haml modified at Tue Aug 18 20:35:29 +0200 2009
I, [2009-08-18T20:36:00.260454 #1026]  INFO -- : Syncing app/views/accounts/passwords modified at Tue Aug 18 20:35:29 +0200 2009
I, [2009-08-18T20:36:00.265880 #1026]  INFO -- : Syncing app/views/accounts/passwords/new.html.haml modified at Tue Aug 18 20:35:29 +0200 2009
I, [2009-08-18T20:36:00.270904 #1026]  INFO -- : Syncing app/views/accounts/passwords/edit.html.haml modified at Tue Aug 18 20:35:29 +0200 2009
I, [2009-08-18T20:36:00.275653 #1026]  INFO -- : Syncing app/views/accounts/new.html.haml modified at Tue Aug 18 20:35:29 +0200 2009
I, [2009-08-18T20:36:00.280545 #1026]  INFO -- : Syncing app/views/accounts/index.html.haml modified at Tue Aug 18 20:35:29 +0200 2009
I, [2009-08-18T20:36:00.288732 #1026]  INFO -- : Syncing app/views/accounts/edit.html.haml modified at Tue Aug 18 20:35:29 +0200 2009
I, [2009-08-18T20:36:00.295295 #1026]  INFO -- : Syncing app/views/accounts/delete.html.haml modified at Tue Aug 18 20:35:29 +0200 2009
I, [2009-08-18T20:36:00.302061 #1026]  INFO -- : Syncing app/views/accounts/confirmations modified at Tue Aug 18 20:35:29 +0200 2009
I, [2009-08-18T20:36:00.306080 #1026]  INFO -- : Syncing app/views/accounts/confirmations/new.html.haml modified at Tue Aug 18 20:35:29 +0200 2009
I, [2009-08-18T20:36:00.311684 #1026]  INFO -- : Syncing app/views/accounts/_account_bar.html.haml modified at Tue Aug 18 20:35:29 +0200 2009
I, [2009-08-18T20:36:00.318650 #1026]  INFO -- : Syncing app/views/.DS_Store modified at Tue Aug 18 20:35:29 +0200 2009
I, [2009-08-18T20:36:00.352752 #1026]  INFO -- : Syncing app/stylesheets modified at Tue Aug 18 20:35:29 +0200 2009
I, [2009-08-18T20:36:00.356937 #1026]  INFO -- : Syncing app/stylesheets/screen.sass modified at Tue Aug 18 20:35:29 +0200 2009
I, [2009-08-18T20:36:00.398937 #1026]  INFO -- : Syncing app/stylesheets/print.sass modified at Tue Aug 18 20:35:29 +0200 2009
I, [2009-08-18T20:36:00.404552 #1026]  INFO -- : Syncing app/stylesheets/ie.sass modified at Tue Aug 18 20:35:29 +0200 2009
I, [2009-08-18T20:36:00.409824 #1026]  INFO -- : Syncing app/stylesheets/extensions modified at Tue Aug 18 20:35:29 +0200 2009
I, [2009-08-18T20:36:00.413862 #1026]  INFO -- : Syncing app/stylesheets/extensions/_formtastic.sass modified at Tue Aug 18 20:35:29 +0200 2009
I, [2009-08-18T20:36:00.418599 #1026]  INFO -- : Syncing app/stylesheets/debug.sass modified at Tue Aug 18 20:35:29 +0200 2009
I, [2009-08-18T20:36:00.423372 #1026]  INFO -- : Syncing app/stylesheets/application modified at Tue Aug 18 20:35:29 +0200 2009
I, [2009-08-18T20:36:00.428478 #1026]  INFO -- : Syncing app/stylesheets/application/_reset.sass modified at Tue Aug 18 20:35:29 +0200 2009
I, [2009-08-18T20:36:00.433643 #1026]  INFO -- : Syncing app/stylesheets/application/_patterns.sass modified at Tue Aug 18 20:35:29 +0200 2009
I, [2009-08-18T20:36:00.443027 #1026]  INFO -- : Syncing app/stylesheets/application/_notifications.sass modified at Tue Aug 18 20:35:29 +0200 2009
I, [2009-08-18T20:36:00.450651 #1026]  INFO -- : Syncing app/stylesheets/application/_mixins.sass modified at Tue Aug 18 20:35:29 +0200 2009
I, [2009-08-18T20:36:00.455777 #1026]  INFO -- : Syncing app/stylesheets/application/_layout.sass modified at Tue Aug 18 20:35:29 +0200 2009
I, [2009-08-18T20:36:00.460917 #1026]  INFO -- : Syncing app/stylesheets/application/_forms.sass modified at Tue Aug 18 20:35:29 +0200 2009
I, [2009-08-18T20:36:00.466056 #1026]  INFO -- : Syncing app/stylesheets/application/_colors.sass modified at Tue Aug 18 20:35:29 +0200 2009
I, [2009-08-18T20:36:00.471287 #1026]  INFO -- : Syncing app/stylesheets/application/_base.sass modified at Tue Aug 18 20:35:29 +0200 2009
I, [2009-08-18T20:36:00.523496 #1026]  INFO -- : Syncing app/stylesheets/.DS_Store modified at Tue Aug 18 20:35:29 +0200 2009
I, [2009-08-18T20:36:00.544102 #1026]  INFO -- : Syncing app/models modified at Tue Aug 18 20:35:29 +0200 2009
I, [2009-08-18T20:36:00.550117 #1026]  INFO -- : Syncing app/models/role.rb modified at Tue Aug 18 20:35:29 +0200 2009
I, [2009-08-18T20:36:00.555059 #1026]  INFO -- : Syncing app/models/contact_form_message.rb modified at Tue Aug 18 20:35:29 +0200 2009
I, [2009-08-18T20:36:00.560073 #1026]  INFO -- : Syncing app/models/account_session.rb modified at Tue Aug 18 20:35:29 +0200 2009
I, [2009-08-18T20:36:00.565268 #1026]  INFO -- : Syncing app/models/account.rb modified at Tue Aug 18 20:35:29 +0200 2009
I, [2009-08-18T20:36:00.574154 #1026]  INFO -- : Syncing app/locales modified at Tue Aug 18 20:35:29 +0200 2009
I, [2009-08-18T20:36:00.578273 #1026]  INFO -- : Syncing app/locales/en.yml modified at Tue Aug 18 20:35:29 +0200 2009
I, [2009-08-18T20:36:00.583776 #1026]  INFO -- : Syncing app/javascripts modified at Tue Aug 18 20:35:29 +0200 2009
I, [2009-08-18T20:36:00.587884 #1026]  INFO -- : Syncing app/javascripts/javascript_loader.js modified at Tue Aug 18 20:35:29 +0200 2009
I, [2009-08-18T20:36:00.603447 #1026]  INFO -- : Syncing app/javascripts/extensions modified at Tue Aug 18 20:35:29 +0200 2009
I, [2009-08-18T20:36:00.608029 #1026]  INFO -- : Syncing app/javascripts/extensions/jquery.live_paginate.js modified at Tue Aug 18 20:35:29 +0200 2009
I, [2009-08-18T20:36:00.629284 #1026]  INFO -- : Syncing app/javascripts/extensions/jquery.clickable.js modified at Tue Aug 18 20:35:29 +0200 2009
I, [2009-08-18T20:36:00.649949 #1026]  INFO -- : Syncing app/javascripts/debug.js modified at Tue Aug 18 20:35:29 +0200 2009
I, [2009-08-18T20:36:00.710521 #1026]  INFO -- : Syncing app/javascripts/application.js modified at Tue Aug 18 20:35:29 +0200 2009
I, [2009-08-18T20:36:00.727109 #1026]  INFO -- : Syncing app/javascripts/.DS_Store modified at Tue Aug 18 20:35:29 +0200 2009
I, [2009-08-18T20:36:00.753957 #1026]  INFO -- : Syncing app/helpers modified at Tue Aug 18 20:35:29 +0200 2009
I, [2009-08-18T20:36:00.758007 #1026]  INFO -- : Syncing app/helpers/layout_helper.rb modified at Tue Aug 18 20:35:29 +0200 2009
I, [2009-08-18T20:36:00.773192 #1026]  INFO -- : Syncing app/helpers/form_helper.rb modified at Tue Aug 18 20:35:29 +0200 2009
I, [2009-08-18T20:36:00.778030 #1026]  INFO -- : Syncing app/helpers/development_helper.rb modified at Tue Aug 18 20:35:29 +0200 2009
I, [2009-08-18T20:36:00.784970 #1026]  INFO -- : Syncing app/helpers/application_helper.rb modified at Tue Aug 18 20:35:29 +0200 2009
I, [2009-08-18T20:36:00.789727 #1026]  INFO -- : Syncing app/helpers/.DS_Store modified at Tue Aug 18 20:35:29 +0200 2009
I, [2009-08-18T20:36:00.808813 #1026]  INFO -- : Syncing app/controllers modified at Tue Aug 18 20:35:29 +0200 2009
I, [2009-08-18T20:36:00.818306 #1026]  INFO -- : Syncing app/controllers/home_controller.rb modified at Tue Aug 18 20:35:29 +0200 2009
I, [2009-08-18T20:36:00.823245 #1026]  INFO -- : Syncing app/controllers/help modified at Tue Aug 18 20:35:29 +0200 2009
I, [2009-08-18T20:36:00.827408 #1026]  INFO -- : Syncing app/controllers/help/contacts_controller.rb modified at Tue Aug 18 20:35:29 +0200 2009
I, [2009-08-18T20:36:00.833511 #1026]  INFO -- : Syncing app/controllers/application_controller.rb modified at Tue Aug 18 20:35:29 +0200 2009
I, [2009-08-18T20:36:00.838282 #1026]  INFO -- : Syncing app/controllers/application modified at Tue Aug 18 20:35:29 +0200 2009
I, [2009-08-18T20:36:00.842217 #1026]  INFO -- : Syncing app/controllers/application/filters.rb modified at Tue Aug 18 20:35:29 +0200 2009
I, [2009-08-18T20:36:00.885401 #1026]  INFO -- : Syncing app/controllers/accounts_controller.rb modified at Tue Aug 18 20:35:29 +0200 2009
I, [2009-08-18T20:36:00.891598 #1026]  INFO -- : Syncing app/controllers/accounts modified at Tue Aug 18 20:35:29 +0200 2009
I, [2009-08-18T20:36:00.895877 #1026]  INFO -- : Syncing app/controllers/accounts/sessions_controller.rb modified at Tue Aug 18 20:35:29 +0200 2009
I, [2009-08-18T20:36:00.900910 #1026]  INFO -- : Syncing app/controllers/accounts/passwords_controller.rb modified at Tue Aug 18 20:35:29 +0200 2009
I, [2009-08-18T20:36:00.905740 #1026]  INFO -- : Syncing app/controllers/accounts/filters.rb modified at Tue Aug 18 20:35:29 +0200 2009
I, [2009-08-18T20:36:00.911983 #1026]  INFO -- : Syncing app/controllers/accounts/confirmations_controller.rb modified at Tue Aug 18 20:35:29 +0200 2009
I, [2009-08-18T20:36:00.917084 #1026]  INFO -- : Syncing app/.DS_Store modified at Tue Aug 18 20:35:29 +0200 2009
I, [2009-08-18T20:36:00.927924 #1026]  INFO -- : Syncing .gitmodules modified at Tue Aug 18 20:35:29 +0200 2009
I, [2009-08-18T20:36:00.937955 #1026]  INFO -- : Syncing .gitignore modified at Tue Aug 18 20:35:29 +0200 2009
I, [2009-08-18T20:36:00.942817 #1026]  INFO -- : Syncing .DS_Store modified at Tue Aug 18 20:35:29 +0200 2009
I, [2009-08-18T20:36:00.957639 #1026]  INFO -- : Syncing .devver modified at Tue Aug 18 20:35:29 +0200 2009
I, [2009-08-18T20:36:00.962741 #1026]  INFO -- : Syncing .devver/hooks modified at Tue Aug 18 20:35:29 +0200 2009
I, [2009-08-18T20:36:00.968403 #1026]  INFO -- : Syncing .devver/hooks/prepare_database modified at Tue Aug 18 20:35:29 +0200 2009
I, [2009-08-18T20:36:01.005764 #1026]  INFO -- : Syncing .devver/hooks/install_dependencies modified at Tue Aug 18 20:35:30 +0200 2009
I, [2009-08-18T20:36:01.014369 #1026]  INFO -- : Syncing .devver/devver_opts.yml.bak modified at Tue Aug 18 20:35:30 +0200 2009
I, [2009-08-18T20:36:01.019424 #1026]  INFO -- : Syncing .devver/devver_opts.yml modified at Tue Aug 18 20:35:30 +0200 2009
I, [2009-08-18T20:36:01.026265 #1026]  INFO -- : Syncing .autotest modified at Tue Aug 18 20:35:30 +0200 2009
E, [2009-08-18T20:38:45.773398 #1026] ERROR -- : There are no workers ready for this project right now.
Please try again in one minute. If there is no response a second time, please report this problem to support@devver.net
I, [2009-08-18T20:38:55.091056 #1043]  INFO -- : client force_sync true and force_reload false
I, [2009-08-18T20:38:55.091223 #1043]  INFO -- : client force_sync true and force_reload false
I, [2009-08-18T20:38:55.095586 #1043]  INFO -- : Requesting project_id 3719657814
E, [2009-08-18T20:41:38.145260 #1043] ERROR -- : There are no workers ready for this project right now.
Please try again in one minute. If there is no response a second time, please report this problem to support@devver.net
I, [2009-08-18T21:04:51.231335 #1139]  INFO -- : client force_sync true and force_reload false
I, [2009-08-18T21:04:51.231513 #1139]  INFO -- : client force_sync true and force_reload false
I, [2009-08-18T21:04:51.236678 #1139]  INFO -- : Requesting project_id 3719657814
E, [2009-08-18T21:07:34.325857 #1139] ERROR -- : There are no workers ready for this project right now.
Please try again in one minute. If there is no response a second time, please report this problem to support@devver.net
